2026-07-06 23:49:25.435 INFO: ===========VERIFYING SETTINGS===========
2026-07-06 23:49:25.435 INFO: MACE version: 0.3.16
2026-07-06 23:49:25.435 INFO: Using CPU
2026-07-06 23:49:25.567 INFO: ===========LOADING INPUT DATA===========
2026-07-06 23:49:25.567 INFO: Using heads: ['Default']
2026-07-06 23:49:25.567 INFO: Using the key specifications to parse data:
2026-07-06 23:49:25.567 INFO: Default: KeySpecification(info_keys={'energy': 'energy', 'stress': 'REF_stress', 'virials': 'REF_virials', 'dipole': 'dipole', 'head': 'head', 'elec_temp': 'elec_temp', 'total_charge': 'total_charge', 'polarizability': 'polarizability', 'total_spin': 'total_spin'}, arrays_keys={'forces': 'forces', 'charges': 'REF_charges'})
2026-07-06 23:49:25.567 INFO: =============    Processing head Default     ===========
2026-07-06 23:49:25.621 WARNING: Since ASE version 3.23.0b1, using energy_key 'energy' is no longer safe when communicating between MACE and ASE. We recommend using a different key, rewriting 'energy' to 'REF_energy'. You need to use --energy_key='REF_energy' to specify the chosen key name.
2026-07-06 23:49:25.631 WARNING: Since ASE version 3.23.0b1, using forces_key 'forces' is no longer safe when communicating between MACE and ASE. We recommend using a different key, rewriting 'forces' to 'REF_forces'. You need to use --forces_key='REF_forces' to specify the chosen key name.
2026-07-06 23:49:25.646 INFO: Training set 1/1 [energy: 259, stress: 0, virials: 0, dipole components: 0, head: 259, elec_temp: 0, total_charge: 0, polarizability: 0, total_spin: 0, forces: 259, charges: 0]
2026-07-06 23:49:25.646 INFO: Total Training set [energy: 259, stress: 0, virials: 0, dipole components: 0, head: 259, elec_temp: 0, total_charge: 0, polarizability: 0, total_spin: 0, forces: 259, charges: 0]
2026-07-06 23:49:25.663 WARNING: Since ASE version 3.23.0b1, using energy_key 'energy' is no longer safe when communicating between MACE and ASE. We recommend using a different key, rewriting 'energy' to 'REF_energy'. You need to use --energy_key='REF_energy' to specify the chosen key name.
2026-07-06 23:49:25.665 WARNING: Since ASE version 3.23.0b1, using forces_key 'forces' is no longer safe when communicating between MACE and ASE. We recommend using a different key, rewriting 'forces' to 'REF_forces'. You need to use --forces_key='REF_forces' to specify the chosen key name.
2026-07-06 23:49:25.667 INFO: Validation set 1/1 [energy: 45, stress: 0, virials: 0, dipole components: 0, head: 45, elec_temp: 0, total_charge: 0, polarizability: 0, total_spin: 0, forces: 45, charges: 0]
2026-07-06 23:49:25.667 INFO: Total Validation set [energy: 45, stress: 0, virials: 0, dipole components: 0, head: 45, elec_temp: 0, total_charge: 0, polarizability: 0, total_spin: 0, forces: 45, charges: 0]
2026-07-06 23:49:25.667 INFO: Total number of configurations: train=259, valid=45, tests=[],
2026-07-06 23:49:25.668 INFO: Atomic Numbers used: [np.int64(1), np.int64(6)]
2026-07-07 15:08:34.824 INFO: ===========VERIFYING SETTINGS===========
2026-07-07 15:08:34.824 INFO: MACE version: 0.3.16
2026-07-07 15:08:34.824 INFO: Using CPU
2026-07-07 15:08:34.919 INFO: ===========LOADING INPUT DATA===========
2026-07-07 15:08:34.919 INFO: Using heads: ['Default']
2026-07-07 15:08:34.919 INFO: Using the key specifications to parse data:
2026-07-07 15:08:34.919 INFO: Default: KeySpecification(info_keys={'energy': 'REF_energy', 'stress': 'REF_stress', 'virials': 'REF_virials', 'dipole': 'dipole', 'head': 'head', 'elec_temp': 'elec_temp', 'total_charge': 'total_charge', 'polarizability': 'polarizability', 'total_spin': 'total_spin'}, arrays_keys={'forces': 'REF_forces', 'charges': 'REF_charges'})
2026-07-07 15:08:34.919 INFO: =============    Processing head Default     ===========
2026-07-07 15:08:34.968 INFO: Training set 1/1 [energy: 259, stress: 0, virials: 0, dipole components: 0, head: 259, elec_temp: 0, total_charge: 0, polarizability: 0, total_spin: 0, forces: 259, charges: 0]
2026-07-07 15:08:34.969 INFO: Total Training set [energy: 259, stress: 0, virials: 0, dipole components: 0, head: 259, elec_temp: 0, total_charge: 0, polarizability: 0, total_spin: 0, forces: 259, charges: 0]
2026-07-07 15:08:34.981 INFO: Validation set 1/1 [energy: 45, stress: 0, virials: 0, dipole components: 0, head: 45, elec_temp: 0, total_charge: 0, polarizability: 0, total_spin: 0, forces: 45, charges: 0]
2026-07-07 15:08:34.981 INFO: Total Validation set [energy: 45, stress: 0, virials: 0, dipole components: 0, head: 45, elec_temp: 0, total_charge: 0, polarizability: 0, total_spin: 0, forces: 45, charges: 0]
2026-07-07 15:08:34.981 INFO: Total number of configurations: train=259, valid=45, tests=[],
2026-07-07 15:08:34.982 INFO: Atomic Numbers used: [np.int64(1), np.int64(6)]
2026-07-07 15:08:34.982 INFO: Isolated Atomic Energies (E0s) not in training file, using command line argument
2026-07-07 15:08:34.983 INFO: Atomic Energies used (z: eV) for head Default: {1: -10.707211, 6: -48.847445}
2026-07-07 15:08:34.983 INFO: Processing datasets for head 'Default'
2026-07-07 15:08:35.083 INFO: Combining 1 list datasets for head 'Default'
2026-07-07 15:08:35.098 INFO: Combining 1 list datasets for head 'Default_valid'
2026-07-07 15:08:35.098 INFO: Combined validation datasets for Default
2026-07-07 15:08:35.098 INFO: Head 'Default' training dataset size: 259
2026-07-07 15:08:35.099 INFO: Computing average number of neighbors
2026-07-07 15:08:35.199 INFO: Average number of neighbors: 22.684244791666668
2026-07-07 15:08:35.199 INFO: During training the following quantities will be reported: energy, forces
2026-07-07 15:08:35.199 INFO: ===========MODEL DETAILS===========
2026-07-07 15:08:35.236 INFO: Building model
2026-07-07 15:08:35.236 INFO: Message passing with 32 channels and max_L=1 (32x0e+32x1o)
2026-07-07 15:08:35.237 INFO: 2 layers, each with correlation order: 3 (body order: 4) and spherical harmonics up to: l=3
2026-07-07 15:08:35.237 INFO: 8 radial and 5 basis functions
2026-07-07 15:08:35.237 INFO: Radial cutoff: 5.0 A (total receptive field for each atom: 10.0 A)
2026-07-07 15:08:35.237 INFO: Distance transform for radial basis functions: None
2026-07-07 15:08:35.237 INFO: Hidden irreps: 32x0e+32x1o
2026-07-07 15:08:35.713 INFO: ===========OPTIMIZER INFORMATION===========
2026-07-07 15:08:35.713 INFO: Using ADAM as parameter optimizer
2026-07-07 15:08:35.713 INFO: Batch size: 8
2026-07-07 15:08:35.713 INFO: Number of gradient updates: 6475
2026-07-07 15:08:35.713 INFO: Learning rate: 0.01, weight decay: 5e-07
2026-07-07 15:08:35.713 INFO: WeightedEnergyForcesLoss(energy_weight=1.000, forces_weight=100.000)
2026-07-07 15:08:35.714 INFO: === Layer's learning rates ===
2026-07-07 15:08:35.714 INFO: Param group 0: lr = 0.01
2026-07-07 15:08:35.714 INFO: Param group 1: lr = 0.01
2026-07-07 15:08:35.714 INFO: Param group 2: lr = 0.01
2026-07-07 15:08:35.714 INFO: Param group 3: lr = 0.01
2026-07-07 15:08:35.714 INFO: Param group 4: lr = 0.01
2026-07-07 15:08:35.714 INFO: Using gradient clipping with tolerance=10.000
2026-07-07 15:08:35.714 INFO: 
2026-07-07 15:08:35.714 INFO: ===========TRAINING===========
2026-07-07 15:08:35.714 INFO: Started training, reporting errors on validation set
2026-07-07 15:08:35.714 INFO: Loss metrics on validation set
2026-07-07 15:08:38.666 INFO: Initial: head: Default, loss=28.95568031, RMSE_E_per_atom= 6934.81 meV, RMSE_F= 1499.54 meV / A
2026-07-07 15:09:21.890 INFO: Epoch 0: head: Default, loss=5.66878227, RMSE_E_per_atom= 4385.63 meV, RMSE_F=  573.70 meV / A
2026-07-07 15:10:04.394 INFO: Epoch 1: head: Default, loss=1.78550787, RMSE_E_per_atom= 1280.15 meV, RMSE_F=  388.00 meV / A
2026-07-07 15:10:47.258 INFO: Epoch 2: head: Default, loss=0.71602575, RMSE_E_per_atom=  632.24 meV, RMSE_F=  251.30 meV / A
2026-07-07 15:11:32.750 INFO: Epoch 3: head: Default, loss=0.53031698, RMSE_E_per_atom=  230.63 meV, RMSE_F=  221.29 meV / A
2026-07-07 15:12:16.355 INFO: Epoch 4: head: Default, loss=0.51579130, RMSE_E_per_atom=  274.13 meV, RMSE_F=  216.30 meV / A
2026-07-07 15:13:01.195 INFO: Epoch 5: head: Default, loss=0.22284980, RMSE_E_per_atom=  121.64 meV, RMSE_F=  144.81 meV / A
2026-07-07 15:14:36.072 INFO: ===========VERIFYING SETTINGS===========
2026-07-07 15:14:36.072 INFO: MACE version: 0.3.16
2026-07-07 15:14:36.072 INFO: Using CPU
2026-07-07 15:14:36.166 INFO: ===========LOADING INPUT DATA===========
2026-07-07 15:14:36.166 INFO: Using heads: ['Default']
2026-07-07 15:14:36.166 INFO: Using the key specifications to parse data:
2026-07-07 15:14:36.166 INFO: Default: KeySpecification(info_keys={'energy': 'REF_energy', 'stress': 'REF_stress', 'virials': 'REF_virials', 'dipole': 'dipole', 'head': 'head', 'elec_temp': 'elec_temp', 'total_charge': 'total_charge', 'polarizability': 'polarizability', 'total_spin': 'total_spin'}, arrays_keys={'forces': 'REF_forces', 'charges': 'REF_charges'})
2026-07-07 15:14:36.166 INFO: =============    Processing head Default     ===========
2026-07-07 15:14:36.218 INFO: Training set 1/1 [energy: 259, stress: 0, virials: 0, dipole components: 0, head: 259, elec_temp: 0, total_charge: 0, polarizability: 0, total_spin: 0, forces: 259, charges: 0]
2026-07-07 15:14:36.218 INFO: Total Training set [energy: 259, stress: 0, virials: 0, dipole components: 0, head: 259, elec_temp: 0, total_charge: 0, polarizability: 0, total_spin: 0, forces: 259, charges: 0]
2026-07-07 15:14:36.231 INFO: Validation set 1/1 [energy: 45, stress: 0, virials: 0, dipole components: 0, head: 45, elec_temp: 0, total_charge: 0, polarizability: 0, total_spin: 0, forces: 45, charges: 0]
2026-07-07 15:14:36.232 INFO: Total Validation set [energy: 45, stress: 0, virials: 0, dipole components: 0, head: 45, elec_temp: 0, total_charge: 0, polarizability: 0, total_spin: 0, forces: 45, charges: 0]
2026-07-07 15:14:36.232 INFO: Total number of configurations: train=259, valid=45, tests=[],
2026-07-07 15:14:36.233 INFO: Atomic Numbers used: [np.int64(1), np.int64(6)]
2026-07-07 15:14:36.233 INFO: Isolated Atomic Energies (E0s) not in training file, using command line argument
2026-07-07 15:14:36.233 INFO: Atomic Energies used (z: eV) for head Default: {1: -10.707211, 6: -48.847445}
2026-07-07 15:14:36.233 INFO: Processing datasets for head 'Default'
2026-07-07 15:14:36.303 INFO: Combining 1 list datasets for head 'Default'
2026-07-07 15:14:36.315 INFO: Combining 1 list datasets for head 'Default_valid'
2026-07-07 15:14:36.316 INFO: Combined validation datasets for Default
2026-07-07 15:14:36.316 INFO: Head 'Default' training dataset size: 259
2026-07-07 15:14:36.316 INFO: Computing average number of neighbors
2026-07-07 15:14:36.376 INFO: Average number of neighbors: 22.684244791666668
2026-07-07 15:14:36.376 INFO: During training the following quantities will be reported: energy, forces
2026-07-07 15:14:36.376 INFO: ===========MODEL DETAILS===========
2026-07-07 15:14:36.407 INFO: Building model
2026-07-07 15:14:36.407 INFO: Message passing with 32 channels and max_L=1 (32x0e+32x1o)
2026-07-07 15:14:36.407 INFO: 2 layers, each with correlation order: 3 (body order: 4) and spherical harmonics up to: l=3
2026-07-07 15:14:36.408 INFO: 8 radial and 5 basis functions
2026-07-07 15:14:36.408 INFO: Radial cutoff: 5.0 A (total receptive field for each atom: 10.0 A)
2026-07-07 15:14:36.408 INFO: Distance transform for radial basis functions: None
2026-07-07 15:14:36.408 INFO: Hidden irreps: 32x0e+32x1o
2026-07-07 15:14:36.905 INFO: ===========OPTIMIZER INFORMATION===========
2026-07-07 15:14:36.905 INFO: Using ADAM as parameter optimizer
2026-07-07 15:14:36.905 INFO: Batch size: 8
2026-07-07 15:14:36.905 INFO: Number of gradient updates: 6475
2026-07-07 15:14:36.905 INFO: Learning rate: 0.01, weight decay: 5e-07
2026-07-07 15:14:36.905 INFO: WeightedEnergyForcesLoss(energy_weight=1.000, forces_weight=100.000)
2026-07-07 15:14:36.905 INFO: === Layer's learning rates ===
2026-07-07 15:14:36.905 INFO: Param group 0: lr = 0.01
2026-07-07 15:14:36.905 INFO: Param group 1: lr = 0.01
2026-07-07 15:14:36.905 INFO: Param group 2: lr = 0.01
2026-07-07 15:14:36.905 INFO: Param group 3: lr = 0.01
2026-07-07 15:14:36.905 INFO: Param group 4: lr = 0.01
2026-07-07 15:14:36.905 INFO: Using gradient clipping with tolerance=10.000
2026-07-07 15:14:36.905 INFO: 
2026-07-07 15:14:36.906 INFO: ===========TRAINING===========
2026-07-07 15:14:36.906 INFO: Started training, reporting errors on validation set
2026-07-07 15:14:36.906 INFO: Loss metrics on validation set
2026-07-07 15:14:39.609 INFO: Initial: head: Default, loss=28.95568031, RMSE_E_per_atom= 6934.81 meV, RMSE_F= 1499.54 meV / A
2026-07-07 15:15:23.347 INFO: Epoch 0: head: Default, loss=5.66878227, RMSE_E_per_atom= 4385.63 meV, RMSE_F=  573.70 meV / A
2026-07-07 15:16:06.125 INFO: Epoch 1: head: Default, loss=1.78550787, RMSE_E_per_atom= 1280.15 meV, RMSE_F=  388.00 meV / A
2026-07-07 15:16:48.712 INFO: Epoch 2: head: Default, loss=0.71602575, RMSE_E_per_atom=  632.24 meV, RMSE_F=  251.30 meV / A
2026-07-07 15:17:32.907 INFO: Epoch 3: head: Default, loss=0.53031698, RMSE_E_per_atom=  230.63 meV, RMSE_F=  221.29 meV / A
2026-07-07 15:18:16.606 INFO: Epoch 4: head: Default, loss=0.51579130, RMSE_E_per_atom=  274.13 meV, RMSE_F=  216.30 meV / A
2026-07-07 15:19:00.992 INFO: Epoch 5: head: Default, loss=0.22284980, RMSE_E_per_atom=  121.64 meV, RMSE_F=  144.81 meV / A
2026-07-07 15:19:44.928 INFO: Epoch 6: head: Default, loss=0.65160467, RMSE_E_per_atom=  231.14 meV, RMSE_F=  244.05 meV / A
2026-07-07 15:20:28.345 INFO: Epoch 7: head: Default, loss=0.18729790, RMSE_E_per_atom=  156.96 meV, RMSE_F=  131.58 meV / A
2026-07-07 15:37:42.199 INFO: Epoch 8: head: Default, loss=0.45925972, RMSE_E_per_atom=  137.31 meV, RMSE_F=  205.45 meV / A
2026-07-07 15:48:59.927 INFO: Epoch 9: head: Default, loss=0.40404387, RMSE_E_per_atom=    4.58 meV, RMSE_F=  193.10 meV / A
2026-07-07 15:49:43.776 INFO: Epoch 10: head: Default, loss=0.17280393, RMSE_E_per_atom=  147.60 meV, RMSE_F=  126.79 meV / A
2026-07-07 16:31:52.423 INFO: Epoch 11: head: Default, loss=0.28803211, RMSE_E_per_atom=  180.53 meV, RMSE_F=  162.21 meV / A
2026-07-07 17:15:16.242 INFO: Epoch 12: head: Default, loss=0.15380147, RMSE_E_per_atom=  136.99 meV, RMSE_F=  120.71 meV / A
2026-07-07 17:16:00.200 INFO: Epoch 13: head: Default, loss=0.09628693, RMSE_E_per_atom=   29.19 meV, RMSE_F=   95.65 meV / A
2026-07-07 17:16:44.891 INFO: Epoch 14: head: Default, loss=0.19612169, RMSE_E_per_atom=   84.67 meV, RMSE_F=  134.58 meV / A
2026-07-07 17:17:28.230 INFO: Epoch 15: head: Default, loss=0.17784096, RMSE_E_per_atom=  111.09 meV, RMSE_F=  128.58 meV / A
2026-07-07 17:18:11.247 INFO: Epoch 16: head: Default, loss=0.08560477, RMSE_E_per_atom=   38.36 meV, RMSE_F=   89.38 meV / A
2026-07-07 17:18:54.599 INFO: Epoch 17: head: Default, loss=0.10667196, RMSE_E_per_atom=   98.72 meV, RMSE_F=   99.19 meV / A
2026-07-07 17:19:39.708 INFO: Epoch 18: head: Default, loss=0.07193428, RMSE_E_per_atom=   70.66 meV, RMSE_F=   82.15 meV / A
2026-07-07 18:21:17.646 INFO: Epoch 19: head: Default, loss=0.07608820, RMSE_E_per_atom=   42.71 meV, RMSE_F=   84.89 meV / A
2026-07-07 18:24:22.559 INFO: Epoch 20: head: Default, loss=0.15998637, RMSE_E_per_atom=    6.95 meV, RMSE_F=  120.99 meV / A
2026-07-07 18:30:18.086 INFO: Epoch 21: head: Default, loss=0.13968939, RMSE_E_per_atom=   36.15 meV, RMSE_F=  113.16 meV / A
2026-07-07 18:41:43.974 INFO: Epoch 22: head: Default, loss=0.12505700, RMSE_E_per_atom=   15.42 meV, RMSE_F=  107.42 meV / A
2026-07-07 18:42:26.969 INFO: Epoch 23: head: Default, loss=0.04654594, RMSE_E_per_atom=    9.83 meV, RMSE_F=   66.34 meV / A
2026-07-07 19:17:43.472 INFO: Epoch 24: head: Default, loss=0.04775240, RMSE_E_per_atom=   22.47 meV, RMSE_F=   66.91 meV / A
2026-07-07 20:21:47.874 INFO: Epoch 25: head: Default, loss=0.08048735, RMSE_E_per_atom=   28.09 meV, RMSE_F=   85.86 meV / A
2026-07-07 20:54:53.128 INFO: Epoch 26: head: Default, loss=0.12723476, RMSE_E_per_atom=   55.43 meV, RMSE_F=  107.29 meV / A
2026-07-07 20:55:38.820 INFO: Epoch 27: head: Default, loss=0.20688009, RMSE_E_per_atom=  161.04 meV, RMSE_F=  139.09 meV / A
2026-07-07 20:56:21.846 INFO: Epoch 28: head: Default, loss=0.10633213, RMSE_E_per_atom=   37.50 meV, RMSE_F=  100.54 meV / A
2026-07-07 20:57:08.069 INFO: Epoch 29: head: Default, loss=0.03657449, RMSE_E_per_atom=   10.83 meV, RMSE_F=   58.66 meV / A
2026-07-07 20:57:52.598 INFO: Epoch 30: head: Default, loss=0.04769611, RMSE_E_per_atom=   17.00 meV, RMSE_F=   66.48 meV / A
2026-07-07 20:58:36.581 INFO: Epoch 31: head: Default, loss=0.07379153, RMSE_E_per_atom=   20.48 meV, RMSE_F=   83.07 meV / A
2026-07-07 20:59:18.595 INFO: Epoch 32: head: Default, loss=0.02334860, RMSE_E_per_atom=   24.17 meV, RMSE_F=   46.73 meV / A
2026-07-07 21:00:00.510 INFO: Epoch 33: head: Default, loss=0.18967120, RMSE_E_per_atom=   47.04 meV, RMSE_F=  130.98 meV / A
2026-07-07 21:00:42.838 INFO: Epoch 34: head: Default, loss=0.03308618, RMSE_E_per_atom=   15.64 meV, RMSE_F=   55.98 meV / A
2026-07-07 21:01:24.880 INFO: Epoch 35: head: Default, loss=0.06739794, RMSE_E_per_atom=    3.17 meV, RMSE_F=   78.61 meV / A
2026-07-07 21:02:06.870 INFO: Epoch 36: head: Default, loss=0.05311356, RMSE_E_per_atom=   28.15 meV, RMSE_F=   71.16 meV / A
2026-07-07 21:02:51.064 INFO: Epoch 37: head: Default, loss=0.21712173, RMSE_E_per_atom=   18.84 meV, RMSE_F=  140.06 meV / A
2026-07-07 21:03:33.106 INFO: Epoch 38: head: Default, loss=0.02054099, RMSE_E_per_atom=    2.30 meV, RMSE_F=   44.26 meV / A
2026-07-07 21:04:15.116 INFO: Epoch 39: head: Default, loss=0.02974018, RMSE_E_per_atom=   22.96 meV, RMSE_F=   52.60 meV / A
2026-07-07 21:04:57.316 INFO: Epoch 40: head: Default, loss=0.01970857, RMSE_E_per_atom=   24.90 meV, RMSE_F=   42.74 meV / A
2026-07-07 21:05:39.184 INFO: Epoch 41: head: Default, loss=0.01915142, RMSE_E_per_atom=   13.47 meV, RMSE_F=   42.35 meV / A
2026-07-07 21:06:20.706 INFO: Epoch 42: head: Default, loss=0.02073213, RMSE_E_per_atom=    4.33 meV, RMSE_F=   43.94 meV / A
2026-07-07 21:07:02.016 INFO: Epoch 43: head: Default, loss=0.02605725, RMSE_E_per_atom=   10.30 meV, RMSE_F=   48.88 meV / A
2026-07-07 21:07:43.221 INFO: Epoch 44: head: Default, loss=0.04231766, RMSE_E_per_atom=    4.87 meV, RMSE_F=   62.61 meV / A
2026-07-07 21:08:24.892 INFO: Epoch 45: head: Default, loss=0.17231796, RMSE_E_per_atom=  102.66 meV, RMSE_F=  127.59 meV / A
2026-07-07 21:09:08.124 INFO: Epoch 46: head: Default, loss=0.06341676, RMSE_E_per_atom=   34.10 meV, RMSE_F=   77.72 meV / A
2026-07-07 21:09:50.202 INFO: Epoch 47: head: Default, loss=0.13058701, RMSE_E_per_atom=    8.99 meV, RMSE_F=  110.08 meV / A
2026-07-07 21:10:32.129 INFO: Epoch 48: head: Default, loss=0.05819217, RMSE_E_per_atom=    2.29 meV, RMSE_F=   72.52 meV / A
2026-07-07 21:11:14.155 INFO: Epoch 49: head: Default, loss=0.03680779, RMSE_E_per_atom=   16.64 meV, RMSE_F=   58.03 meV / A
2026-07-07 21:11:57.903 INFO: Epoch 50: head: Default, loss=0.03835570, RMSE_E_per_atom=   27.37 meV, RMSE_F=   58.98 meV / A
2026-07-07 21:12:39.746 INFO: Epoch 51: head: Default, loss=0.03324210, RMSE_E_per_atom=   24.45 meV, RMSE_F=   55.72 meV / A
2026-07-07 21:13:21.874 INFO: Epoch 52: head: Default, loss=0.01715484, RMSE_E_per_atom=   15.87 meV, RMSE_F=   40.26 meV / A
2026-07-07 21:14:06.116 INFO: Epoch 53: head: Default, loss=0.03482857, RMSE_E_per_atom=   36.31 meV, RMSE_F=   56.90 meV / A
2026-07-07 21:14:49.663 INFO: Epoch 54: head: Default, loss=0.03694241, RMSE_E_per_atom=   70.31 meV, RMSE_F=   58.56 meV / A
2026-07-07 21:15:33.550 INFO: Epoch 55: head: Default, loss=0.01795466, RMSE_E_per_atom=   18.50 meV, RMSE_F=   41.24 meV / A
2026-07-07 21:16:16.326 INFO: Epoch 56: head: Default, loss=0.02267658, RMSE_E_per_atom=   16.44 meV, RMSE_F=   45.98 meV / A
2026-07-07 21:16:59.880 INFO: Epoch 57: head: Default, loss=0.02126689, RMSE_E_per_atom=   12.01 meV, RMSE_F=   44.54 meV / A
2026-07-07 21:17:41.687 INFO: Epoch 58: head: Default, loss=0.05037751, RMSE_E_per_atom=   18.22 meV, RMSE_F=   67.57 meV / A
2026-07-07 21:18:25.048 INFO: Epoch 59: head: Default, loss=0.03283937, RMSE_E_per_atom=   47.35 meV, RMSE_F=   55.16 meV / A
2026-07-07 21:19:13.343 INFO: Epoch 60: head: Default, loss=0.01170020, RMSE_E_per_atom=    6.75 meV, RMSE_F=   33.37 meV / A
2026-07-07 21:19:56.247 INFO: Epoch 61: head: Default, loss=0.01225771, RMSE_E_per_atom=   15.58 meV, RMSE_F=   33.93 meV / A
2026-07-07 21:20:40.446 INFO: Epoch 62: head: Default, loss=0.01210634, RMSE_E_per_atom=   21.68 meV, RMSE_F=   33.75 meV / A
2026-07-07 21:21:23.902 INFO: Epoch 63: head: Default, loss=0.02779844, RMSE_E_per_atom=    5.82 meV, RMSE_F=   51.07 meV / A
2026-07-07 21:22:07.647 INFO: Epoch 64: head: Default, loss=0.01751287, RMSE_E_per_atom=    8.20 meV, RMSE_F=   40.50 meV / A
2026-07-07 21:22:50.984 INFO: Epoch 65: head: Default, loss=0.00994924, RMSE_E_per_atom=    1.91 meV, RMSE_F=   30.81 meV / A
2026-07-07 21:23:33.435 INFO: Epoch 66: head: Default, loss=0.02703017, RMSE_E_per_atom=   21.04 meV, RMSE_F=   50.01 meV / A
2026-07-07 21:24:17.664 INFO: Epoch 67: head: Default, loss=0.02706646, RMSE_E_per_atom=   17.43 meV, RMSE_F=   49.80 meV / A
2026-07-07 21:25:01.313 INFO: Epoch 68: head: Default, loss=0.01356932, RMSE_E_per_atom=   21.12 meV, RMSE_F=   35.97 meV / A
2026-07-07 21:25:43.315 INFO: Epoch 69: head: Default, loss=0.01193270, RMSE_E_per_atom=    1.52 meV, RMSE_F=   33.64 meV / A
2026-07-07 21:26:25.143 INFO: Epoch 70: head: Default, loss=0.00984899, RMSE_E_per_atom=    6.80 meV, RMSE_F=   30.41 meV / A
2026-07-07 21:27:08.781 INFO: Epoch 71: head: Default, loss=0.01122107, RMSE_E_per_atom=   10.41 meV, RMSE_F=   32.43 meV / A
2026-07-07 21:27:53.586 INFO: Epoch 72: head: Default, loss=0.01491331, RMSE_E_per_atom=    4.53 meV, RMSE_F=   37.03 meV / A
2026-07-07 21:28:37.060 INFO: Epoch 73: head: Default, loss=0.02342391, RMSE_E_per_atom=   23.05 meV, RMSE_F=   47.00 meV / A
2026-07-07 21:29:19.300 INFO: Epoch 74: head: Default, loss=0.01014924, RMSE_E_per_atom=    1.32 meV, RMSE_F=   31.10 meV / A
2026-07-07 21:30:02.130 INFO: Epoch 75: head: Default, loss=0.03223836, RMSE_E_per_atom=   35.90 meV, RMSE_F=   54.41 meV / A
2026-07-07 21:30:45.469 INFO: Epoch 76: head: Default, loss=0.02437874, RMSE_E_per_atom=   10.38 meV, RMSE_F=   47.16 meV / A
2026-07-07 21:31:28.501 INFO: Epoch 77: head: Default, loss=0.04663767, RMSE_E_per_atom=    3.99 meV, RMSE_F=   66.05 meV / A
2026-07-07 21:32:11.778 INFO: Epoch 78: head: Default, loss=0.03903716, RMSE_E_per_atom=   21.65 meV, RMSE_F=   60.40 meV / A
2026-07-07 21:32:55.138 INFO: Epoch 79: head: Default, loss=0.01734368, RMSE_E_per_atom=    7.71 meV, RMSE_F=   39.83 meV / A
2026-07-07 21:33:39.277 INFO: Epoch 80: head: Default, loss=0.01269870, RMSE_E_per_atom=   22.30 meV, RMSE_F=   34.27 meV / A
2026-07-07 21:34:22.067 INFO: Epoch 81: head: Default, loss=0.02538729, RMSE_E_per_atom=   34.25 meV, RMSE_F=   48.01 meV / A
2026-07-07 21:35:04.084 INFO: Epoch 82: head: Default, loss=0.01835497, RMSE_E_per_atom=    2.85 meV, RMSE_F=   41.04 meV / A
2026-07-07 21:35:45.924 INFO: Epoch 83: head: Default, loss=0.01037670, RMSE_E_per_atom=    6.86 meV, RMSE_F=   31.45 meV / A
2026-07-07 21:36:27.904 INFO: Epoch 84: head: Default, loss=0.01071876, RMSE_E_per_atom=   16.08 meV, RMSE_F=   31.82 meV / A
2026-07-07 21:37:09.793 INFO: Epoch 85: head: Default, loss=0.01015597, RMSE_E_per_atom=    1.42 meV, RMSE_F=   30.70 meV / A
2026-07-07 21:37:51.606 INFO: Epoch 86: head: Default, loss=0.02440728, RMSE_E_per_atom=   21.39 meV, RMSE_F=   47.75 meV / A
2026-07-07 21:38:35.313 INFO: Epoch 87: head: Default, loss=0.04398736, RMSE_E_per_atom=   23.02 meV, RMSE_F=   63.63 meV / A
2026-07-07 21:39:17.333 INFO: Epoch 88: head: Default, loss=0.08862178, RMSE_E_per_atom=   58.79 meV, RMSE_F=   90.32 meV / A
2026-07-07 21:39:59.368 INFO: Epoch 89: head: Default, loss=0.01576563, RMSE_E_per_atom=   25.38 meV, RMSE_F=   38.51 meV / A
2026-07-07 21:40:41.379 INFO: Epoch 90: head: Default, loss=0.02372190, RMSE_E_per_atom=   11.57 meV, RMSE_F=   46.88 meV / A
2026-07-07 21:41:23.402 INFO: Epoch 91: head: Default, loss=0.01011650, RMSE_E_per_atom=    4.14 meV, RMSE_F=   30.95 meV / A
2026-07-07 21:42:05.341 INFO: Epoch 92: head: Default, loss=0.01225546, RMSE_E_per_atom=    5.37 meV, RMSE_F=   33.64 meV / A
2026-07-07 21:42:47.464 INFO: Epoch 93: head: Default, loss=0.10740395, RMSE_E_per_atom=   39.61 meV, RMSE_F=   99.23 meV / A
2026-07-07 21:43:30.310 INFO: Epoch 94: head: Default, loss=0.12016939, RMSE_E_per_atom=   56.94 meV, RMSE_F=  104.96 meV / A
2026-07-07 21:44:41.494 INFO: Epoch 95: head: Default, loss=0.01374494, RMSE_E_per_atom=    1.22 meV, RMSE_F=   36.21 meV / A
2026-07-07 21:51:44.225 INFO: Epoch 96: head: Default, loss=0.02315787, RMSE_E_per_atom=   16.47 meV, RMSE_F=   46.68 meV / A
2026-07-07 21:52:30.944 INFO: Epoch 97: head: Default, loss=0.01546401, RMSE_E_per_atom=   39.03 meV, RMSE_F=   37.94 meV / A
2026-07-07 21:53:17.412 INFO: Epoch 98: head: Default, loss=0.04242948, RMSE_E_per_atom=   13.82 meV, RMSE_F=   62.86 meV / A
2026-07-07 21:54:04.496 INFO: Epoch 99: head: Default, loss=0.02230401, RMSE_E_per_atom=    7.73 meV, RMSE_F=   45.19 meV / A
2026-07-07 21:54:51.999 INFO: Epoch 100: head: Default, loss=0.00997950, RMSE_E_per_atom=   16.00 meV, RMSE_F=   30.73 meV / A
2026-07-07 21:55:37.321 INFO: Epoch 101: head: Default, loss=0.00966791, RMSE_E_per_atom=    9.06 meV, RMSE_F=   30.23 meV / A
2026-07-07 21:56:26.267 INFO: Epoch 102: head: Default, loss=0.01107435, RMSE_E_per_atom=    4.32 meV, RMSE_F=   31.98 meV / A
2026-07-07 21:57:12.383 INFO: Epoch 103: head: Default, loss=0.02342868, RMSE_E_per_atom=   24.29 meV, RMSE_F=   46.40 meV / A
2026-07-07 21:57:58.061 INFO: Epoch 104: head: Default, loss=0.00997103, RMSE_E_per_atom=   10.59 meV, RMSE_F=   30.48 meV / A
2026-07-07 21:58:43.398 INFO: Epoch 105: head: Default, loss=0.00739779, RMSE_E_per_atom=    2.10 meV, RMSE_F=   26.55 meV / A
2026-07-07 21:59:27.959 INFO: Epoch 106: head: Default, loss=0.04242336, RMSE_E_per_atom=   35.83 meV, RMSE_F=   62.41 meV / A
2026-07-07 22:00:13.616 INFO: Epoch 107: head: Default, loss=0.04642705, RMSE_E_per_atom=    9.35 meV, RMSE_F=   64.93 meV / A
2026-07-07 22:01:02.193 INFO: Epoch 108: head: Default, loss=0.04713531, RMSE_E_per_atom=    9.84 meV, RMSE_F=   65.53 meV / A
2026-07-07 22:01:49.438 INFO: Epoch 109: head: Default, loss=0.01433459, RMSE_E_per_atom=   11.97 meV, RMSE_F=   36.49 meV / A
2026-07-07 22:02:35.142 INFO: Epoch 110: head: Default, loss=0.04826437, RMSE_E_per_atom=    9.40 meV, RMSE_F=   66.35 meV / A
2026-07-07 22:03:20.309 INFO: Epoch 111: head: Default, loss=0.06072406, RMSE_E_per_atom=   34.65 meV, RMSE_F=   75.07 meV / A
2026-07-07 22:04:07.338 INFO: Epoch 112: head: Default, loss=0.02943177, RMSE_E_per_atom=   14.20 meV, RMSE_F=   51.73 meV / A
2026-07-07 22:04:50.092 INFO: Epoch 113: head: Default, loss=0.01409392, RMSE_E_per_atom=   15.14 meV, RMSE_F=   36.25 meV / A
2026-07-07 22:05:33.208 INFO: Epoch 114: head: Default, loss=0.01103168, RMSE_E_per_atom=    7.17 meV, RMSE_F=   32.52 meV / A
2026-07-07 22:06:16.429 INFO: Epoch 115: head: Default, loss=0.01516099, RMSE_E_per_atom=   10.88 meV, RMSE_F=   38.09 meV / A
2026-07-07 22:06:59.872 INFO: Epoch 116: head: Default, loss=0.01103242, RMSE_E_per_atom=    4.35 meV, RMSE_F=   31.90 meV / A
2026-07-07 22:07:43.705 INFO: Epoch 117: head: Default, loss=0.01027747, RMSE_E_per_atom=    9.72 meV, RMSE_F=   31.12 meV / A
2026-07-07 22:08:27.012 INFO: Epoch 118: head: Default, loss=0.01112724, RMSE_E_per_atom=    4.42 meV, RMSE_F=   32.17 meV / A
2026-07-07 22:09:11.556 INFO: Epoch 119: head: Default, loss=0.01784099, RMSE_E_per_atom=   10.29 meV, RMSE_F=   40.38 meV / A
2026-07-07 22:09:58.138 INFO: Epoch 120: head: Default, loss=0.02676441, RMSE_E_per_atom=   29.81 meV, RMSE_F=   49.73 meV / A
2026-07-07 22:10:44.796 INFO: Epoch 121: head: Default, loss=0.03492463, RMSE_E_per_atom=   48.44 meV, RMSE_F=   56.90 meV / A
2026-07-07 22:11:28.523 INFO: Epoch 122: head: Default, loss=0.08983123, RMSE_E_per_atom=    6.61 meV, RMSE_F=   90.62 meV / A
2026-07-07 22:12:12.928 INFO: Epoch 123: head: Default, loss=0.04565205, RMSE_E_per_atom=   42.58 meV, RMSE_F=   65.93 meV / A
2026-07-07 22:12:56.239 INFO: Epoch 124: head: Default, loss=0.03902761, RMSE_E_per_atom=    5.18 meV, RMSE_F=   60.66 meV / A
2026-07-07 22:13:38.759 INFO: Epoch 125: head: Default, loss=0.03104688, RMSE_E_per_atom=    1.64 meV, RMSE_F=   53.18 meV / A
2026-07-07 22:14:22.205 INFO: Epoch 126: head: Default, loss=0.05739907, RMSE_E_per_atom=    9.70 meV, RMSE_F=   72.36 meV / A
