2026-07-23 22:30:23.917 INFO: ===========VERIFYING SETTINGS===========
2026-07-23 22:30:23.917 INFO: MACE version: 0.3.16
2026-07-23 22:30:24.034 INFO: CUDA version: 11.8, CUDA device: 0
2026-07-23 22:30:24.767 INFO: Using foundation model /home/sgarg/git-repo/pentacene-gb-active-learning/output/models/finetune_v1/pentacene_finetune_v1.model as initial checkpoint.
2026-07-23 22:30:24.768 INFO: ===========LOADING INPUT DATA===========
2026-07-23 22:30:24.768 INFO: Using heads: ['Default']
2026-07-23 22:30:24.768 INFO: Using the key specifications to parse data:
2026-07-23 22:30:24.769 INFO: Default: KeySpecification(info_keys={'energy': 'REF_energy', 'stress': 'REF_stress', 'virials': 'REF_virials', 'dipole': 'dipole', 'head': 'head', 'elec_temp': 'elec_temp', 'total_charge': 'total_charge', 'polarizability': 'polarizability', 'total_spin': 'total_spin'}, arrays_keys={'forces': 'REF_forces', 'charges': 'REF_charges'})
2026-07-23 22:30:24.769 INFO: =============    Processing head Default     ===========
2026-07-23 22:30:25.058 INFO: Training set 1/1 [energy: 561, stress: 0, virials: 0, dipole components: 0, head: 561, elec_temp: 0, total_charge: 0, polarizability: 0, total_spin: 0, forces: 561, charges: 0]
2026-07-23 22:30:25.060 INFO: Total Training set [energy: 561, stress: 0, virials: 0, dipole components: 0, head: 561, elec_temp: 0, total_charge: 0, polarizability: 0, total_spin: 0, forces: 561, charges: 0]
2026-07-23 22:30:25.096 INFO: Validation set 1/1 [energy: 45, stress: 0, virials: 0, dipole components: 0, head: 45, elec_temp: 0, total_charge: 0, polarizability: 0, total_spin: 0, forces: 45, charges: 0]
2026-07-23 22:30:25.096 INFO: Total Validation set [energy: 45, stress: 0, virials: 0, dipole components: 0, head: 45, elec_temp: 0, total_charge: 0, polarizability: 0, total_spin: 0, forces: 45, charges: 0]
2026-07-23 22:30:25.096 INFO: Total number of configurations: train=561, valid=45, tests=[],
2026-07-23 22:30:25.102 INFO: Atomic Numbers used: [np.int64(1), np.int64(6)]
2026-07-23 22:30:25.103 INFO: Isolated Atomic Energies (E0s) not in training file, using command line argument
2026-07-23 22:30:25.103 INFO: Computing average Atomic Energies using least squares regression
2026-07-23 22:30:25.120 INFO: Atomic Energies used (z: eV) for head Default: {1: -30.361554830045048, 6: -47.711014732927914}
2026-07-23 22:30:25.120 INFO: Processing datasets for head 'Default'
2026-07-23 22:34:12.609 INFO: Combining 1 list datasets for head 'Default'
2026-07-23 22:34:12.670 INFO: Combining 1 list datasets for head 'Default_valid'
2026-07-23 22:34:12.670 INFO: Combined validation datasets for Default
2026-07-23 22:34:12.670 INFO: Head 'Default' training dataset size: 561
2026-07-23 22:34:12.671 INFO: Computing average number of neighbors
2026-07-23 22:34:13.048 INFO: Average number of neighbors: 22.766765594482422
2026-07-23 22:34:13.049 INFO: During training the following quantities will be reported: energy, forces
2026-07-23 22:34:13.049 INFO: ===========MODEL DETAILS===========
2026-07-23 22:34:13.348 INFO: Loading FOUNDATION model
2026-07-23 22:34:13.370 INFO: Using filtered elements: [np.int64(1), np.int64(6)]
2026-07-23 22:34:13.370 INFO: Model configuration extracted from foundation model
2026-07-23 22:34:13.370 INFO: Using weighted loss function for fine-tuning
2026-07-23 22:34:13.370 INFO: Message passing with hidden irreps 128x0e+128x1o)
2026-07-23 22:34:13.370 INFO: 2 layers, each with correlation order: 3 (body order: 4) and spherical harmonics up to: l=3
2026-07-23 22:34:13.370 INFO: Radial cutoff: 5.0 A (total receptive field for each atom: 10.0 A)
2026-07-23 22:34:13.370 INFO: Distance transform for radial basis functions: None
2026-07-23 22:34:14.812 INFO: ===========OPTIMIZER INFORMATION===========
2026-07-23 22:34:14.812 INFO: Using ADAM as parameter optimizer
2026-07-23 22:34:14.812 INFO: Batch size: 8
2026-07-23 22:34:14.812 INFO: Number of gradient updates: 4207
2026-07-23 22:34:14.812 INFO: Learning rate: 0.0002, weight decay: 5e-07
2026-07-23 22:34:14.812 INFO: WeightedEnergyForcesLoss(energy_weight=1.000, forces_weight=100.000)
2026-07-23 22:34:14.813 INFO: === Layer's learning rates ===
2026-07-23 22:34:14.813 INFO: Param group 0: lr = 0.0002
2026-07-23 22:34:14.813 INFO: Param group 1: lr = 0.0002
2026-07-23 22:34:14.813 INFO: Param group 2: lr = 0.0002
2026-07-23 22:34:14.813 INFO: Param group 3: lr = 0.0002
2026-07-23 22:34:14.813 INFO: Param group 4: lr = 0.0002
2026-07-23 22:34:14.813 INFO: Using gradient clipping with tolerance=10.000
2026-07-23 22:34:14.813 INFO: 
2026-07-23 22:34:14.814 INFO: ===========TRAINING===========
2026-07-23 22:34:14.814 INFO: Started training, reporting errors on validation set
2026-07-23 22:34:14.814 INFO: Loss metrics on validation set
2026-07-23 22:34:23.865 INFO: Initial: head: Default, loss=0.00644860, RMSE_E_per_atom=    3.88 meV, RMSE_F=   24.89 meV / A
2026-07-23 22:34:54.955 INFO: Epoch 0: head: Default, loss=0.00748302, RMSE_E_per_atom=   11.10 meV, RMSE_F=   26.65 meV / A
2026-07-23 22:35:13.405 INFO: Epoch 1: head: Default, loss=0.00718431, RMSE_E_per_atom=   13.15 meV, RMSE_F=   26.11 meV / A
2026-07-23 22:35:31.614 INFO: Epoch 2: head: Default, loss=0.00740406, RMSE_E_per_atom=    9.76 meV, RMSE_F=   26.53 meV / A
2026-07-23 22:35:49.346 INFO: Epoch 3: head: Default, loss=0.00726882, RMSE_E_per_atom=    9.44 meV, RMSE_F=   26.33 meV / A
2026-07-23 22:36:07.068 INFO: Epoch 4: head: Default, loss=0.00700864, RMSE_E_per_atom=   11.80 meV, RMSE_F=   25.91 meV / A
2026-07-23 22:36:25.388 INFO: Epoch 5: head: Default, loss=0.00656995, RMSE_E_per_atom=    7.84 meV, RMSE_F=   25.07 meV / A
2026-07-23 22:36:44.034 INFO: Epoch 6: head: Default, loss=0.00666515, RMSE_E_per_atom=    9.47 meV, RMSE_F=   25.27 meV / A
2026-07-23 22:37:01.917 INFO: Epoch 7: head: Default, loss=0.00674223, RMSE_E_per_atom=    7.49 meV, RMSE_F=   25.42 meV / A
2026-07-23 22:37:19.733 INFO: Epoch 8: head: Default, loss=0.00620474, RMSE_E_per_atom=    8.56 meV, RMSE_F=   24.40 meV / A
2026-07-23 22:37:38.174 INFO: Epoch 9: head: Default, loss=0.00697521, RMSE_E_per_atom=    4.47 meV, RMSE_F=   25.72 meV / A
2026-07-23 22:37:56.046 INFO: Epoch 10: head: Default, loss=0.00606627, RMSE_E_per_atom=    6.29 meV, RMSE_F=   24.10 meV / A
2026-07-23 22:38:14.386 INFO: Epoch 11: head: Default, loss=0.00615567, RMSE_E_per_atom=    6.15 meV, RMSE_F=   24.28 meV / A
2026-07-23 22:38:32.099 INFO: Epoch 12: head: Default, loss=0.00618307, RMSE_E_per_atom=    5.51 meV, RMSE_F=   24.26 meV / A
2026-07-23 22:38:49.953 INFO: Epoch 13: head: Default, loss=0.00659169, RMSE_E_per_atom=    7.83 meV, RMSE_F=   25.17 meV / A
2026-07-23 22:39:07.772 INFO: Epoch 14: head: Default, loss=0.00571371, RMSE_E_per_atom=    5.73 meV, RMSE_F=   23.42 meV / A
2026-07-23 22:39:26.138 INFO: Epoch 15: head: Default, loss=0.00623277, RMSE_E_per_atom=    6.03 meV, RMSE_F=   24.41 meV / A
2026-07-23 22:39:44.045 INFO: Epoch 16: head: Default, loss=0.00586571, RMSE_E_per_atom=    6.62 meV, RMSE_F=   23.77 meV / A
2026-07-23 22:40:01.883 INFO: Epoch 17: head: Default, loss=0.00555517, RMSE_E_per_atom=    3.68 meV, RMSE_F=   23.08 meV / A
2026-07-23 22:40:20.307 INFO: Epoch 18: head: Default, loss=0.00556491, RMSE_E_per_atom=    2.61 meV, RMSE_F=   23.13 meV / A
2026-07-23 22:40:38.079 INFO: Epoch 19: head: Default, loss=0.00611042, RMSE_E_per_atom=    8.17 meV, RMSE_F=   24.21 meV / A
2026-07-23 22:40:55.829 INFO: Epoch 20: head: Default, loss=0.00626482, RMSE_E_per_atom=    5.89 meV, RMSE_F=   24.33 meV / A
2026-07-23 22:41:13.578 INFO: Epoch 21: head: Default, loss=0.00526114, RMSE_E_per_atom=    4.77 meV, RMSE_F=   22.45 meV / A
2026-07-23 22:41:31.965 INFO: Epoch 22: head: Default, loss=0.00573055, RMSE_E_per_atom=    4.44 meV, RMSE_F=   23.53 meV / A
2026-07-23 22:41:49.827 INFO: Epoch 23: head: Default, loss=0.00530256, RMSE_E_per_atom=    5.27 meV, RMSE_F=   22.53 meV / A
2026-07-23 22:42:07.646 INFO: Epoch 24: head: Default, loss=0.00534861, RMSE_E_per_atom=    5.52 meV, RMSE_F=   22.67 meV / A
2026-07-23 22:42:25.465 INFO: Epoch 25: head: Default, loss=0.00580663, RMSE_E_per_atom=    4.11 meV, RMSE_F=   23.68 meV / A
2026-07-23 22:42:43.258 INFO: Epoch 26: head: Default, loss=0.00511976, RMSE_E_per_atom=    4.40 meV, RMSE_F=   22.15 meV / A
2026-07-23 22:43:01.484 INFO: Epoch 27: head: Default, loss=0.00516340, RMSE_E_per_atom=    4.23 meV, RMSE_F=   22.25 meV / A
2026-07-23 22:43:19.275 INFO: Epoch 28: head: Default, loss=0.00510602, RMSE_E_per_atom=    1.44 meV, RMSE_F=   22.09 meV / A
2026-07-23 22:43:37.629 INFO: Epoch 29: head: Default, loss=0.00515726, RMSE_E_per_atom=    2.75 meV, RMSE_F=   22.32 meV / A
2026-07-23 22:43:55.413 INFO: Epoch 30: head: Default, loss=0.00503700, RMSE_E_per_atom=    1.98 meV, RMSE_F=   21.98 meV / A
2026-07-23 22:44:13.704 INFO: Epoch 31: head: Default, loss=0.00493233, RMSE_E_per_atom=    1.52 meV, RMSE_F=   21.74 meV / A
2026-07-23 22:44:31.924 INFO: Epoch 32: head: Default, loss=0.00497214, RMSE_E_per_atom=    3.86 meV, RMSE_F=   21.85 meV / A
2026-07-23 22:44:49.710 INFO: Epoch 33: head: Default, loss=0.00479022, RMSE_E_per_atom=    4.62 meV, RMSE_F=   21.44 meV / A
2026-07-23 22:45:07.923 INFO: Epoch 34: head: Default, loss=0.00500538, RMSE_E_per_atom=    4.13 meV, RMSE_F=   21.97 meV / A
2026-07-23 22:45:25.721 INFO: Epoch 35: head: Default, loss=0.00477179, RMSE_E_per_atom=    5.36 meV, RMSE_F=   21.43 meV / A
2026-07-23 22:45:44.357 INFO: Epoch 36: head: Default, loss=0.00471427, RMSE_E_per_atom=    3.27 meV, RMSE_F=   21.32 meV / A
2026-07-23 22:46:02.794 INFO: Epoch 37: head: Default, loss=0.00464485, RMSE_E_per_atom=    3.67 meV, RMSE_F=   21.11 meV / A
2026-07-23 22:46:20.871 INFO: Epoch 38: head: Default, loss=0.00517404, RMSE_E_per_atom=    5.05 meV, RMSE_F=   22.34 meV / A
2026-07-23 22:46:38.641 INFO: Epoch 39: head: Default, loss=0.00455959, RMSE_E_per_atom=    1.81 meV, RMSE_F=   20.95 meV / A
2026-07-23 22:46:56.878 INFO: Epoch 40: head: Default, loss=0.00466826, RMSE_E_per_atom=    3.83 meV, RMSE_F=   21.23 meV / A
2026-07-23 22:47:14.686 INFO: Epoch 41: head: Default, loss=0.00483483, RMSE_E_per_atom=    1.89 meV, RMSE_F=   21.49 meV / A
2026-07-23 22:47:32.630 INFO: Epoch 42: head: Default, loss=0.00474319, RMSE_E_per_atom=    0.87 meV, RMSE_F=   21.28 meV / A
2026-07-23 22:47:50.492 INFO: Epoch 43: head: Default, loss=0.00439855, RMSE_E_per_atom=    2.40 meV, RMSE_F=   20.56 meV / A
2026-07-23 22:48:08.994 INFO: Epoch 44: head: Default, loss=0.00458519, RMSE_E_per_atom=    4.58 meV, RMSE_F=   21.04 meV / A
2026-07-23 22:48:26.874 INFO: Epoch 45: head: Default, loss=0.00444115, RMSE_E_per_atom=    1.75 meV, RMSE_F=   20.70 meV / A
2026-07-23 22:48:44.672 INFO: Epoch 46: head: Default, loss=0.00527196, RMSE_E_per_atom=    1.30 meV, RMSE_F=   22.38 meV / A
2026-07-23 22:49:02.452 INFO: Epoch 47: head: Default, loss=0.00436772, RMSE_E_per_atom=    1.99 meV, RMSE_F=   20.52 meV / A
2026-07-23 22:49:20.861 INFO: Epoch 48: head: Default, loss=0.00438453, RMSE_E_per_atom=    1.97 meV, RMSE_F=   20.58 meV / A
2026-07-23 22:49:38.657 INFO: Epoch 49: head: Default, loss=0.00476672, RMSE_E_per_atom=    2.49 meV, RMSE_F=   21.46 meV / A
2026-07-23 22:49:56.425 INFO: Epoch 50: head: Default, loss=0.00433183, RMSE_E_per_atom=    4.34 meV, RMSE_F=   20.39 meV / A
2026-07-23 22:50:14.792 INFO: Epoch 51: head: Default, loss=0.00431682, RMSE_E_per_atom=    3.42 meV, RMSE_F=   20.33 meV / A
2026-07-23 22:50:33.046 INFO: Epoch 52: head: Default, loss=0.00414846, RMSE_E_per_atom=    2.14 meV, RMSE_F=   19.97 meV / A
2026-07-23 22:50:51.511 INFO: Epoch 53: head: Default, loss=0.00419087, RMSE_E_per_atom=    1.60 meV, RMSE_F=   20.10 meV / A
2026-07-23 22:51:09.366 INFO: Epoch 54: head: Default, loss=0.00420426, RMSE_E_per_atom=    2.39 meV, RMSE_F=   20.13 meV / A
2026-07-23 22:51:27.183 INFO: Epoch 55: head: Default, loss=0.00424980, RMSE_E_per_atom=    3.42 meV, RMSE_F=   20.24 meV / A
2026-07-23 22:51:44.961 INFO: Epoch 56: head: Default, loss=0.00421328, RMSE_E_per_atom=    5.25 meV, RMSE_F=   20.15 meV / A
2026-07-23 22:52:02.804 INFO: Epoch 57: head: Default, loss=0.00406302, RMSE_E_per_atom=    2.93 meV, RMSE_F=   19.79 meV / A
2026-07-23 22:52:21.040 INFO: Epoch 58: head: Default, loss=0.00404844, RMSE_E_per_atom=    1.75 meV, RMSE_F=   19.71 meV / A
2026-07-23 22:52:39.621 INFO: Epoch 59: head: Default, loss=0.00406275, RMSE_E_per_atom=    2.40 meV, RMSE_F=   19.77 meV / A
2026-07-23 22:52:39.621 INFO: Training complete
2026-07-23 22:52:39.621 INFO: 
2026-07-23 22:52:39.621 INFO: ===========RESULTS===========
2026-07-23 22:52:39.623 INFO: Loading checkpoint: /home/sgarg/git-repo/pentacene-gb-active-learning/output/gb_al_round1/retrain_v1_seed142/checkpoints/gb_al_round1_run-142_epoch-58.pt
2026-07-23 22:52:39.659 INFO: Loaded Stage one model from epoch 58 for evaluation
2026-07-23 22:52:39.660 INFO: Saving model to /home/sgarg/git-repo/pentacene-gb-active-learning/output/gb_al_round1/retrain_v1_seed142/checkpoints/gb_al_round1_run-142.model
2026-07-23 22:52:40.376 INFO: Compiling model, saving metadata to /home/sgarg/git-repo/pentacene-gb-active-learning/output/gb_al_round1/retrain_v1_seed142/gb_al_round1_compiled.model
2026-07-23 22:52:41.665 INFO: Computing metrics for training, validation, and test sets
2026-07-23 22:52:41.666 INFO: Skipping evaluation for heads: ['pt_head']
2026-07-23 22:52:41.667 INFO: Evaluating train_Default ...
2026-07-23 22:52:49.419 INFO: Evaluating valid_Default ...
2026-07-23 22:52:50.079 INFO: Error-table on TRAIN and VALID:
+---------------+---------------------+------------------+-------------------+
|  config_type  | RMSE E / meV / atom | RMSE F / meV / A | relative F RMSE % |
+---------------+---------------------+------------------+-------------------+
| train_Default |            1.4      |         22.3     |          1.75     |
| valid_Default |            1.8      |         19.7     |          1.31     |
+---------------+---------------------+------------------+-------------------+
2026-07-23 22:53:01.291 INFO: Done
