2026-07-23 16:57:55.494 INFO: ===========VERIFYING SETTINGS===========
2026-07-23 16:57:55.494 INFO: MACE version: 0.3.16
2026-07-23 16:57:55.582 INFO: CUDA version: 11.8, CUDA device: 0
2026-07-23 16:57:56.234 INFO: Using foundation model /home/sgarg/git-repo/pentacene-gb-active-learning/output/models/finetune_v1_seed123/pentacene_finetune_v1.model as initial checkpoint.
2026-07-23 16:57:56.236 INFO: ===========LOADING INPUT DATA===========
2026-07-23 16:57:56.236 INFO: Using heads: ['Default']
2026-07-23 16:57:56.236 INFO: Using the key specifications to parse data:
2026-07-23 16:57:56.236 INFO: Default: KeySpecification(info_keys={'energy': 'REF_energy', 'stress': 'REF_stress', 'virials': 'REF_virials', 'dipole': 'dipole', 'head': 'head', 'elec_temp': 'elec_temp', 'total_charge': 'total_charge', 'polarizability': 'polarizability', 'total_spin': 'total_spin'}, arrays_keys={'forces': 'REF_forces', 'charges': 'REF_charges'})
2026-07-23 16:57:56.236 INFO: =============    Processing head Default     ===========
2026-07-23 16:57:56.603 INFO: Training set 1/1 [energy: 561, stress: 0, virials: 0, dipole components: 0, head: 561, elec_temp: 0, total_charge: 0, polarizability: 0, total_spin: 0, forces: 561, charges: 0]
2026-07-23 16:57:56.607 INFO: Total Training set [energy: 561, stress: 0, virials: 0, dipole components: 0, head: 561, elec_temp: 0, total_charge: 0, polarizability: 0, total_spin: 0, forces: 561, charges: 0]
2026-07-23 16:57:56.650 INFO: Validation set 1/1 [energy: 45, stress: 0, virials: 0, dipole components: 0, head: 45, elec_temp: 0, total_charge: 0, polarizability: 0, total_spin: 0, forces: 45, charges: 0]
2026-07-23 16:57:56.651 INFO: Total Validation set [energy: 45, stress: 0, virials: 0, dipole components: 0, head: 45, elec_temp: 0, total_charge: 0, polarizability: 0, total_spin: 0, forces: 45, charges: 0]
2026-07-23 16:57:56.651 INFO: Total number of configurations: train=561, valid=45, tests=[],
2026-07-23 16:57:56.659 INFO: Atomic Numbers used: [np.int64(1), np.int64(6)]
2026-07-23 16:57:56.659 INFO: Isolated Atomic Energies (E0s) not in training file, using command line argument
2026-07-23 16:57:56.659 INFO: Computing average Atomic Energies using least squares regression
2026-07-23 16:57:56.763 INFO: Atomic Energies used (z: eV) for head Default: {1: -30.361554830045048, 6: -47.711014732927914}
2026-07-23 16:57:56.764 INFO: Processing datasets for head 'Default'
2026-07-23 17:02:14.916 INFO: Combining 1 list datasets for head 'Default'
2026-07-23 17:02:14.988 INFO: Combining 1 list datasets for head 'Default_valid'
2026-07-23 17:02:14.988 INFO: Combined validation datasets for Default
2026-07-23 17:02:14.988 INFO: Head 'Default' training dataset size: 561
2026-07-23 17:02:14.989 INFO: Computing average number of neighbors
2026-07-23 17:02:15.360 INFO: Average number of neighbors: 22.761655807495117
2026-07-23 17:02:15.360 INFO: During training the following quantities will be reported: energy, forces
2026-07-23 17:02:15.361 INFO: ===========MODEL DETAILS===========
2026-07-23 17:02:15.770 INFO: Loading FOUNDATION model
2026-07-23 17:02:15.786 INFO: Using filtered elements: [np.int64(1), np.int64(6)]
2026-07-23 17:02:15.787 INFO: Model configuration extracted from foundation model
2026-07-23 17:02:15.787 INFO: Using weighted loss function for fine-tuning
2026-07-23 17:02:15.787 INFO: Message passing with hidden irreps 128x0e+128x1o)
2026-07-23 17:02:15.787 INFO: 2 layers, each with correlation order: 3 (body order: 4) and spherical harmonics up to: l=3
2026-07-23 17:02:15.787 INFO: Radial cutoff: 5.0 A (total receptive field for each atom: 10.0 A)
2026-07-23 17:02:15.787 INFO: Distance transform for radial basis functions: None
2026-07-23 17:02:17.462 INFO: ===========OPTIMIZER INFORMATION===========
2026-07-23 17:02:17.462 INFO: Using ADAM as parameter optimizer
2026-07-23 17:02:17.462 INFO: Batch size: 8
2026-07-23 17:02:17.462 INFO: Number of gradient updates: 4207
2026-07-23 17:02:17.462 INFO: Learning rate: 0.0002, weight decay: 5e-07
2026-07-23 17:02:17.462 INFO: WeightedEnergyForcesLoss(energy_weight=1.000, forces_weight=100.000)
2026-07-23 17:02:17.463 INFO: === Layer's learning rates ===
2026-07-23 17:02:17.463 INFO: Param group 0: lr = 0.0002
2026-07-23 17:02:17.463 INFO: Param group 1: lr = 0.0002
2026-07-23 17:02:17.463 INFO: Param group 2: lr = 0.0002
2026-07-23 17:02:17.463 INFO: Param group 3: lr = 0.0002
2026-07-23 17:02:17.463 INFO: Param group 4: lr = 0.0002
2026-07-23 17:02:17.463 INFO: Using gradient clipping with tolerance=10.000
2026-07-23 17:02:17.463 INFO: 
2026-07-23 17:02:17.463 INFO: ===========TRAINING===========
2026-07-23 17:02:17.464 INFO: Started training, reporting errors on validation set
2026-07-23 17:02:17.464 INFO: Loss metrics on validation set
2026-07-23 17:02:27.635 INFO: Initial: head: Default, loss=0.00698684, RMSE_E_per_atom=    7.89 meV, RMSE_F=   25.90 meV / A
2026-07-23 17:03:05.976 INFO: Epoch 0: head: Default, loss=0.00749186, RMSE_E_per_atom=   11.98 meV, RMSE_F=   26.75 meV / A
2026-07-23 17:03:35.912 INFO: Epoch 1: head: Default, loss=0.00759658, RMSE_E_per_atom=   11.58 meV, RMSE_F=   26.81 meV / A
2026-07-23 17:03:59.330 INFO: Epoch 2: head: Default, loss=0.00732076, RMSE_E_per_atom=   10.54 meV, RMSE_F=   26.43 meV / A
2026-07-23 17:04:26.345 INFO: Epoch 3: head: Default, loss=0.00694885, RMSE_E_per_atom=   11.59 meV, RMSE_F=   25.77 meV / A
2026-07-23 17:04:50.255 INFO: Epoch 4: head: Default, loss=0.00739861, RMSE_E_per_atom=   12.76 meV, RMSE_F=   26.64 meV / A
2026-07-23 17:05:13.915 INFO: Epoch 5: head: Default, loss=0.00702724, RMSE_E_per_atom=    8.99 meV, RMSE_F=   25.92 meV / A
2026-07-23 17:05:37.947 INFO: Epoch 6: head: Default, loss=0.00703757, RMSE_E_per_atom=    6.98 meV, RMSE_F=   26.00 meV / A
2026-07-23 17:06:01.860 INFO: Epoch 7: head: Default, loss=0.00686970, RMSE_E_per_atom=    7.14 meV, RMSE_F=   25.60 meV / A
2026-07-23 17:06:26.939 INFO: Epoch 8: head: Default, loss=0.00657904, RMSE_E_per_atom=    7.63 meV, RMSE_F=   25.06 meV / A
2026-07-23 17:06:53.301 INFO: Epoch 9: head: Default, loss=0.00685414, RMSE_E_per_atom=    8.10 meV, RMSE_F=   25.62 meV / A
2026-07-23 17:07:17.549 INFO: Epoch 10: head: Default, loss=0.00638958, RMSE_E_per_atom=    6.31 meV, RMSE_F=   24.77 meV / A
2026-07-23 17:07:42.416 INFO: Epoch 11: head: Default, loss=0.00657095, RMSE_E_per_atom=    6.44 meV, RMSE_F=   25.02 meV / A
2026-07-23 17:08:06.749 INFO: Epoch 12: head: Default, loss=0.00621721, RMSE_E_per_atom=    5.92 meV, RMSE_F=   24.38 meV / A
2026-07-23 17:08:34.263 INFO: Epoch 13: head: Default, loss=0.00622531, RMSE_E_per_atom=    5.45 meV, RMSE_F=   24.46 meV / A
2026-07-23 17:08:58.292 INFO: Epoch 14: head: Default, loss=0.00623525, RMSE_E_per_atom=    7.69 meV, RMSE_F=   24.47 meV / A
2026-07-23 17:09:22.400 INFO: Epoch 15: head: Default, loss=0.00638511, RMSE_E_per_atom=    6.60 meV, RMSE_F=   24.80 meV / A
2026-07-23 17:09:46.595 INFO: Epoch 16: head: Default, loss=0.00611614, RMSE_E_per_atom=    6.08 meV, RMSE_F=   24.17 meV / A
2026-07-23 17:10:11.535 INFO: Epoch 17: head: Default, loss=0.00596699, RMSE_E_per_atom=    3.80 meV, RMSE_F=   23.87 meV / A
2026-07-23 17:10:36.032 INFO: Epoch 18: head: Default, loss=0.00573398, RMSE_E_per_atom=    6.75 meV, RMSE_F=   23.45 meV / A
2026-07-23 17:11:00.737 INFO: Epoch 19: head: Default, loss=0.00583323, RMSE_E_per_atom=    6.49 meV, RMSE_F=   23.67 meV / A
2026-07-23 17:11:24.984 INFO: Epoch 20: head: Default, loss=0.00578389, RMSE_E_per_atom=    4.68 meV, RMSE_F=   23.52 meV / A
2026-07-23 17:11:48.793 INFO: Epoch 21: head: Default, loss=0.00552475, RMSE_E_per_atom=    5.18 meV, RMSE_F=   23.00 meV / A
2026-07-23 17:12:13.573 INFO: Epoch 22: head: Default, loss=0.00578089, RMSE_E_per_atom=    5.60 meV, RMSE_F=   23.52 meV / A
2026-07-23 17:12:37.486 INFO: Epoch 23: head: Default, loss=0.00565229, RMSE_E_per_atom=    6.29 meV, RMSE_F=   23.34 meV / A
2026-07-23 17:13:01.512 INFO: Epoch 24: head: Default, loss=0.00553208, RMSE_E_per_atom=    5.22 meV, RMSE_F=   23.07 meV / A
2026-07-23 17:13:25.670 INFO: Epoch 25: head: Default, loss=0.00566464, RMSE_E_per_atom=    5.36 meV, RMSE_F=   23.28 meV / A
2026-07-23 17:13:49.683 INFO: Epoch 26: head: Default, loss=0.00532127, RMSE_E_per_atom=    3.78 meV, RMSE_F=   22.57 meV / A
2026-07-23 17:14:14.276 INFO: Epoch 27: head: Default, loss=0.00518685, RMSE_E_per_atom=    3.69 meV, RMSE_F=   22.30 meV / A
2026-07-23 17:14:38.872 INFO: Epoch 28: head: Default, loss=0.00553853, RMSE_E_per_atom=    2.41 meV, RMSE_F=   23.12 meV / A
2026-07-23 17:15:02.609 INFO: Epoch 29: head: Default, loss=0.00523321, RMSE_E_per_atom=    2.21 meV, RMSE_F=   22.37 meV / A
2026-07-23 17:15:26.906 INFO: Epoch 30: head: Default, loss=0.00531059, RMSE_E_per_atom=    4.69 meV, RMSE_F=   22.58 meV / A
2026-07-23 17:15:50.828 INFO: Epoch 31: head: Default, loss=0.00558158, RMSE_E_per_atom=    3.35 meV, RMSE_F=   23.10 meV / A
2026-07-23 17:16:14.832 INFO: Epoch 32: head: Default, loss=0.00512820, RMSE_E_per_atom=    5.82 meV, RMSE_F=   22.11 meV / A
2026-07-23 17:16:42.212 INFO: Epoch 33: head: Default, loss=0.00535309, RMSE_E_per_atom=    6.48 meV, RMSE_F=   22.71 meV / A
2026-07-23 17:17:06.015 INFO: Epoch 34: head: Default, loss=0.00561102, RMSE_E_per_atom=    3.50 meV, RMSE_F=   23.18 meV / A
2026-07-23 17:17:30.195 INFO: Epoch 35: head: Default, loss=0.00522283, RMSE_E_per_atom=    1.37 meV, RMSE_F=   22.34 meV / A
2026-07-23 17:17:54.142 INFO: Epoch 36: head: Default, loss=0.00501221, RMSE_E_per_atom=    3.99 meV, RMSE_F=   21.98 meV / A
2026-07-23 17:18:19.715 INFO: Epoch 37: head: Default, loss=0.00500051, RMSE_E_per_atom=    1.36 meV, RMSE_F=   21.85 meV / A
2026-07-23 17:18:44.133 INFO: Epoch 38: head: Default, loss=0.00494559, RMSE_E_per_atom=    2.99 meV, RMSE_F=   21.84 meV / A
2026-07-23 17:19:08.504 INFO: Epoch 39: head: Default, loss=0.00524308, RMSE_E_per_atom=    3.96 meV, RMSE_F=   22.36 meV / A
2026-07-23 17:19:32.155 INFO: Epoch 40: head: Default, loss=0.00527712, RMSE_E_per_atom=    3.30 meV, RMSE_F=   22.42 meV / A
2026-07-23 17:19:56.276 INFO: Epoch 41: head: Default, loss=0.00471315, RMSE_E_per_atom=    5.25 meV, RMSE_F=   21.29 meV / A
2026-07-23 17:20:22.312 INFO: Epoch 42: head: Default, loss=0.00470057, RMSE_E_per_atom=    3.34 meV, RMSE_F=   21.26 meV / A
2026-07-23 17:20:46.996 INFO: Epoch 43: head: Default, loss=0.00481897, RMSE_E_per_atom=    5.31 meV, RMSE_F=   21.56 meV / A
2026-07-23 17:21:11.089 INFO: Epoch 44: head: Default, loss=0.00489626, RMSE_E_per_atom=    3.08 meV, RMSE_F=   21.60 meV / A
2026-07-23 17:21:34.818 INFO: Epoch 45: head: Default, loss=0.00451473, RMSE_E_per_atom=    3.02 meV, RMSE_F=   20.81 meV / A
2026-07-23 17:21:59.522 INFO: Epoch 46: head: Default, loss=0.00467555, RMSE_E_per_atom=    0.90 meV, RMSE_F=   21.13 meV / A
2026-07-23 17:22:23.360 INFO: Epoch 47: head: Default, loss=0.00447020, RMSE_E_per_atom=    1.05 meV, RMSE_F=   20.77 meV / A
2026-07-23 17:22:48.054 INFO: Epoch 48: head: Default, loss=0.00465890, RMSE_E_per_atom=    1.17 meV, RMSE_F=   21.21 meV / A
2026-07-23 17:23:11.906 INFO: Epoch 49: head: Default, loss=0.00438890, RMSE_E_per_atom=    1.22 meV, RMSE_F=   20.54 meV / A
2026-07-23 17:23:36.463 INFO: Epoch 50: head: Default, loss=0.00460489, RMSE_E_per_atom=    1.07 meV, RMSE_F=   21.09 meV / A
2026-07-23 17:24:00.652 INFO: Epoch 51: head: Default, loss=0.00440348, RMSE_E_per_atom=    1.11 meV, RMSE_F=   20.55 meV / A
2026-07-23 17:24:24.426 INFO: Epoch 52: head: Default, loss=0.00467395, RMSE_E_per_atom=    2.36 meV, RMSE_F=   21.14 meV / A
2026-07-23 17:24:48.276 INFO: Epoch 53: head: Default, loss=0.00450370, RMSE_E_per_atom=    3.69 meV, RMSE_F=   20.76 meV / A
2026-07-23 17:25:12.374 INFO: Epoch 54: head: Default, loss=0.00445380, RMSE_E_per_atom=    2.54 meV, RMSE_F=   20.72 meV / A
2026-07-23 17:25:36.323 INFO: Epoch 55: head: Default, loss=0.00442150, RMSE_E_per_atom=    3.93 meV, RMSE_F=   20.62 meV / A
2026-07-23 17:26:00.221 INFO: Epoch 56: head: Default, loss=0.00454962, RMSE_E_per_atom=    5.23 meV, RMSE_F=   20.99 meV / A
2026-07-23 17:26:24.384 INFO: Epoch 57: head: Default, loss=0.00420068, RMSE_E_per_atom=    2.03 meV, RMSE_F=   20.12 meV / A
2026-07-23 17:26:48.787 INFO: Epoch 58: head: Default, loss=0.00447535, RMSE_E_per_atom=    0.97 meV, RMSE_F=   20.65 meV / A
2026-07-23 17:27:12.727 INFO: Epoch 59: head: Default, loss=0.00427998, RMSE_E_per_atom=    1.98 meV, RMSE_F=   20.24 meV / A
2026-07-23 17:27:12.727 INFO: Training complete
2026-07-23 17:27:12.727 INFO: 
2026-07-23 17:27:12.727 INFO: ===========RESULTS===========
2026-07-23 17:27:12.729 INFO: Loading checkpoint: /home/sgarg/git-repo/pentacene-gb-active-learning/output/gb_al_round1/retrain_v1_seed523/checkpoints/gb_al_round1_run-523_epoch-57.pt
2026-07-23 17:27:12.769 INFO: Loaded Stage one model from epoch 57 for evaluation
2026-07-23 17:27:12.769 INFO: Saving model to /home/sgarg/git-repo/pentacene-gb-active-learning/output/gb_al_round1/retrain_v1_seed523/checkpoints/gb_al_round1_run-523.model
2026-07-23 17:27:13.639 INFO: Compiling model, saving metadata to /home/sgarg/git-repo/pentacene-gb-active-learning/output/gb_al_round1/retrain_v1_seed523/gb_al_round1_compiled.model
2026-07-23 17:27:14.897 INFO: Computing metrics for training, validation, and test sets
2026-07-23 17:27:14.899 INFO: Skipping evaluation for heads: ['pt_head']
2026-07-23 17:27:14.899 INFO: Evaluating train_Default ...
2026-07-23 17:27:25.301 INFO: Evaluating valid_Default ...
2026-07-23 17:27:26.198 INFO: Error-table on TRAIN and VALID:
+---------------+---------------------+------------------+-------------------+
|  config_type  | RMSE E / meV / atom | RMSE F / meV / A | relative F RMSE % |
+---------------+---------------------+------------------+-------------------+
| train_Default |            1.6      |         22.2     |          1.74     |
| valid_Default |            2.0      |         20.1     |          1.34     |
+---------------+---------------------+------------------+-------------------+
2026-07-23 17:27:40.717 INFO: Done
