2026-07-21 14:28:54.917 INFO: ===========VERIFYING SETTINGS===========
2026-07-21 14:28:54.917 INFO: MACE version: 0.3.16
2026-07-21 14:28:54.918 DEBUG: Configuration: Namespace(config=None, name='gb_al_round1', seed=523, work_dir='.', log_dir='/home/sgarg/git-repo/pentacene-gb-active-learning/output/gb_al_round1/retrain_v1_seed523/logs', model_dir='/home/sgarg/git-repo/pentacene-gb-active-learning/output/gb_al_round1/retrain_v1_seed523', checkpoints_dir='/home/sgarg/git-repo/pentacene-gb-active-learning/output/gb_al_round1/retrain_v1_seed523/checkpoints', results_dir='./results', downloads_dir='./downloads', device='cuda', default_dtype='float32', distributed=False, launcher='slurm', log_level='INFO', plot=True, plot_frequency=0, plot_interaction_e=False, error_table='PerAtomRMSE', model='MACE', r_max=5.0, radial_type='bessel', num_radial_basis=8, num_cutoff_basis=5, pair_repulsion=False, distance_transform='None', apply_cutoff=True, use_last_readout_only=False, use_embedding_readout=False, interaction='RealAgnosticResidualInteractionBlock', interaction_first='RealAgnosticResidualInteractionBlock', max_ell=3, correlation=3, use_reduced_cg=False, use_so3=False, use_agnostic_product=False, num_interactions=2, MLP_irreps='16x0e', radial_MLP='[64, 64, 64]', hidden_irreps='128x0e + 128x1o', edge_irreps=None, use_edge_irreps_first=False, num_channels=128, max_L=1, gate='silu', kspace_cutoff_factor=1.5, atomic_multipoles_max_l=0, atomic_multipoles_smearing_width=1.0, field_feature_max_l=0, field_feature_widths='[1.0]', field_feature_norms=None, num_recursion_steps=1, field_si=False, include_electrostatic_self_interaction=False, add_local_electron_energy=False, quadrupole_feature_corrections=False, return_electrostatic_potentials=False, field_norm_factor=0.02, fixedpoint_update_config=None, field_readout_config=None, scaling='rms_forces_scaling', avg_num_neighbors=1, compute_avg_num_neighbors=True, compute_stress=False, compute_forces=True, compute_polarizability=False, compute_atomic_dipole=False, train_file='/home/sgarg/git-repo/pentacene-gb-active-learning/data/labeled_data/gb_al_round1_train.xyz', valid_file='/home/sgarg/git-repo/pentacene-gb-active-learning/data/labeled_data/valid.xyz', valid_fraction=0.1, test_file=None, test_dir=None, multi_processed_test=False, num_workers=0, pin_memory=True, atomic_numbers=None, mean=None, std=None, statistics_file=None, les_arguments=None, E0s='average', pseudolabel_replay=False, pseudolabel_replay_compute_stress=False, foundation_filter_elements=True, heads=None, multiheads_finetuning=False, foundation_head=None, weight_pt_head=1.0, real_pt_data_ratio_threshold=0.1, num_samples_pt=10000, force_mh_ft_lr=False, subselect_pt='random', filter_type_pt='none', allow_random_padding_pt=True, pt_train_file=None, pt_valid_file=None, foundation_model_elements=False, keep_isolated_atoms=False, lora=False, lora_rank=4, lora_alpha=1.0, energy_key='REF_energy', forces_key='REF_forces', virials_key='REF_virials', stress_key='REF_stress', dipole_key='dipole', polarizability_key='polarizability', head_key='head', charges_key='REF_charges', elec_temp_key='elec_temp', total_spin_key='total_spin', total_charge_key='total_charge', embedding_specs=None, skip_evaluate_heads='pt_head', loss='weighted', forces_weight=100.0, swa_forces_weight=100.0, energy_weight=1.0, swa_energy_weight=1000.0, virials_weight=1.0, swa_virials_weight=10.0, stress_weight=1.0, swa_stress_weight=10.0, dipole_weight=1.0, swa_dipole_weight=1.0, swa_polarizability_weight=1.0, polarizability_weight=1.0, config_type_weights='{"Default":1.0}', huber_delta=0.01, optimizer='adam', beta=0.9, beta1_schedulefree=0.9, beta2_schedulefree=0.98, batch_size=8, valid_batch_size=10, lr=0.0002, swa_lr=0.001, weight_decay=5e-07, lr_params_factors='{"embedding_lr_factor": 1.0, "interactions_lr_factor": 1.0, "products_lr_factor": 1.0, "readouts_lr_factor": 1.0}', freeze=None, amsgrad=True, scheduler='ReduceLROnPlateau', lr_factor=0.8, scheduler_patience=50, lr_scheduler_gamma=0.9993, swa=False, start_swa=None, lbfgs=False, ema=False, ema_decay=0.99, max_num_epochs=60, patience=2048, foundation_model='/home/sgarg/git-repo/pentacene-gb-active-learning/output/models/finetune_v1_seed123/pentacene_finetune_v1.model', foundation_model_kwargs='{}', foundation_model_readout=True, eval_interval=1, keep_checkpoints=False, save_all_checkpoints=False, restart_latest=False, save_cpu=False, clip_grad=10.0, dry_run=False, enable_cueq=False, only_cueq=False, enable_oeq=False, wandb=False, wandb_dir=None, wandb_project='', wandb_entity='', wandb_name='', wandb_log_hypers=['num_channels', 'max_L', 'correlation', 'lr', 'swa_lr', 'weight_decay', 'batch_size', 'max_num_epochs', 'start_swa', 'energy_weight', 'forces_weight'], key_specification=KeySpecification(info_keys={'energy': 'REF_energy', 'stress': 'REF_stress', 'virials': 'REF_virials', 'dipole': 'dipole', 'head': 'head', 'elec_temp': 'elec_temp', 'total_charge': 'total_charge', 'polarizability': 'polarizability', 'total_spin': 'total_spin'}, arrays_keys={'forces': 'REF_forces', 'charges': 'REF_charges'}))
2026-07-21 14:28:55.087 INFO: CUDA version: 11.8, CUDA device: 0
2026-07-21 14:28:55.786 DEBUG: Popen(['git', 'version'], cwd=/scratch/sgarg/MACE_290729/repo, stdin=None, shell=False, universal_newlines=False)
2026-07-21 14:28:55.855 DEBUG: Popen(['git', 'version'], cwd=/scratch/sgarg/MACE_290729/repo, stdin=None, shell=False, universal_newlines=False)
2026-07-21 14:28:55.949 DEBUG: sys.platform='linux', git_executable='git'
2026-07-21 14:28:55.951 DEBUG: Error accessing Git repository: /scratch/sgarg/MACE_290729/repo
2026-07-21 14:28:56.378 INFO: Using foundation model /home/sgarg/git-repo/pentacene-gb-active-learning/output/models/finetune_v1_seed123/pentacene_finetune_v1.model as initial checkpoint.
2026-07-21 14:28:56.381 INFO: ===========LOADING INPUT DATA===========
2026-07-21 14:28:56.381 INFO: Using heads: ['Default']
2026-07-21 14:28:56.381 INFO: Using the key specifications to parse data:
2026-07-21 14:28:56.381 INFO: Default: KeySpecification(info_keys={'energy': 'REF_energy', 'stress': 'REF_stress', 'virials': 'REF_virials', 'dipole': 'dipole', 'head': 'head', 'elec_temp': 'elec_temp', 'total_charge': 'total_charge', 'polarizability': 'polarizability', 'total_spin': 'total_spin'}, arrays_keys={'forces': 'REF_forces', 'charges': 'REF_charges'})
2026-07-21 14:28:56.381 INFO: =============    Processing head Default     ===========
2026-07-21 14:28:56.383 DEBUG: Loading training file: /home/sgarg/git-repo/pentacene-gb-active-learning/data/labeled_data/gb_al_round1_train.xyz
2026-07-21 14:28:56.856 INFO: Training set 1/1 [energy: 213, stress: 0, virials: 0, dipole components: 0, head: 561, elec_temp: 0, total_charge: 0, polarizability: 0, total_spin: 0, forces: 213, charges: 0]
2026-07-21 14:28:56.860 INFO: Total Training set [energy: 213, stress: 0, virials: 0, dipole components: 0, head: 561, elec_temp: 0, total_charge: 0, polarizability: 0, total_spin: 0, forces: 213, charges: 0]
2026-07-21 14:28:56.944 INFO: Validation set 1/1 [energy: 45, stress: 0, virials: 0, dipole components: 0, head: 45, elec_temp: 0, total_charge: 0, polarizability: 0, total_spin: 0, forces: 45, charges: 0]
2026-07-21 14:28:56.945 INFO: Total Validation set [energy: 45, stress: 0, virials: 0, dipole components: 0, head: 45, elec_temp: 0, total_charge: 0, polarizability: 0, total_spin: 0, forces: 45, charges: 0]
2026-07-21 14:28:56.945 INFO: Total number of configurations: train=561, valid=45, tests=[],
2026-07-21 14:28:56.953 INFO: Atomic Numbers used: [np.int64(1), np.int64(6)]
2026-07-21 14:28:56.954 INFO: Isolated Atomic Energies (E0s) not in training file, using command line argument
2026-07-21 14:28:56.954 INFO: Computing average Atomic Energies using least squares regression
2026-07-21 14:28:57.028 ERROR: Failed to compute E0s using least squares regression, using the same for all atoms
2026-07-21 14:28:57.028 INFO: Atomic Energies used (z: eV) for head Default: {1: 0.0, 6: 0.0}
2026-07-21 14:28:57.028 INFO: Processing datasets for head 'Default'
2026-07-21 14:30:28.428 DEBUG: Successfully loaded dataset from ASE files: ['/home/sgarg/git-repo/pentacene-gb-active-learning/data/labeled_data/gb_al_round1_train.xyz']
2026-07-21 14:30:28.429 INFO: Combining 1 list datasets for head 'Default'
2026-07-21 14:30:28.498 DEBUG: Successfully loaded validation dataset from ASE files: ['/home/sgarg/git-repo/pentacene-gb-active-learning/data/labeled_data/valid.xyz']
2026-07-21 14:30:28.498 INFO: Combining 1 list datasets for head 'Default_valid'
2026-07-21 14:30:28.498 INFO: Combined validation datasets for Default
2026-07-21 14:30:28.498 INFO: Head 'Default' training dataset size: 561
2026-07-21 14:30:28.501 INFO: Computing average number of neighbors
2026-07-21 14:30:29.032 INFO: Average number of neighbors: 22.761655807495117
2026-07-21 14:30:29.032 INFO: During training the following quantities will be reported: energy, forces
2026-07-21 14:30:29.033 INFO: ===========MODEL DETAILS===========
2026-07-21 14:30:29.527 INFO: Loading FOUNDATION model
2026-07-21 14:30:29.543 INFO: Using filtered elements: [np.int64(1), np.int64(6)]
2026-07-21 14:30:29.543 INFO: Model configuration extracted from foundation model
2026-07-21 14:30:29.543 INFO: Using weighted loss function for fine-tuning
2026-07-21 14:30:29.543 INFO: Message passing with hidden irreps 128x0e+128x1o)
2026-07-21 14:30:29.543 INFO: 2 layers, each with correlation order: 3 (body order: 4) and spherical harmonics up to: l=3
2026-07-21 14:30:29.543 INFO: Radial cutoff: 5.0 A (total receptive field for each atom: 10.0 A)
2026-07-21 14:30:29.543 INFO: Distance transform for radial basis functions: None
2026-07-21 14:30:31.512 INFO: ===========OPTIMIZER INFORMATION===========
2026-07-21 14:30:31.512 INFO: Using ADAM as parameter optimizer
2026-07-21 14:30:31.512 INFO: Batch size: 8
2026-07-21 14:30:31.512 INFO: Number of gradient updates: 4207
2026-07-21 14:30:31.512 INFO: Learning rate: 0.0002, weight decay: 5e-07
2026-07-21 14:30:31.512 INFO: WeightedEnergyForcesLoss(energy_weight=1.000, forces_weight=100.000)
2026-07-21 14:30:31.513 INFO: === Layer's learning rates ===
2026-07-21 14:30:31.514 INFO: Param group 0: lr = 0.0002
2026-07-21 14:30:31.514 INFO: Param group 1: lr = 0.0002
2026-07-21 14:30:31.514 INFO: Param group 2: lr = 0.0002
2026-07-21 14:30:31.514 INFO: Param group 3: lr = 0.0002
2026-07-21 14:30:31.514 INFO: Param group 4: lr = 0.0002
2026-07-21 14:30:31.514 INFO: Using gradient clipping with tolerance=10.000
2026-07-21 14:30:31.514 INFO: 
2026-07-21 14:30:31.514 INFO: ===========TRAINING===========
2026-07-21 14:30:31.514 INFO: Started training, reporting errors on validation set
2026-07-21 14:30:31.514 INFO: Loss metrics on validation set
2026-07-21 14:30:41.619 INFO: Initial: head: Default, loss=0.00698684, RMSE_E_per_atom=    7.89 meV, RMSE_F=   25.90 meV / A
2026-07-21 14:31:18.905 INFO: Epoch 0: head: Default, loss=0.00705806, RMSE_E_per_atom=    8.24 meV, RMSE_F=   26.00 meV / A
2026-07-21 14:31:18.907 DEBUG: Saving checkpoint: /home/sgarg/git-repo/pentacene-gb-active-learning/output/gb_al_round1/retrain_v1_seed523/checkpoints/gb_al_round1_run-523_epoch-0.pt
2026-07-21 14:31:42.895 INFO: Epoch 1: head: Default, loss=0.00677700, RMSE_E_per_atom=    5.44 meV, RMSE_F=   25.43 meV / A
2026-07-21 14:31:42.897 DEBUG: Deleting old checkpoint file: /home/sgarg/git-repo/pentacene-gb-active-learning/output/gb_al_round1/retrain_v1_seed523/checkpoints/gb_al_round1_run-523_epoch-0.pt
2026-07-21 14:31:42.920 DEBUG: Saving checkpoint: /home/sgarg/git-repo/pentacene-gb-active-learning/output/gb_al_round1/retrain_v1_seed523/checkpoints/gb_al_round1_run-523_epoch-1.pt
2026-07-21 14:32:06.676 INFO: Epoch 2: head: Default, loss=0.00705900, RMSE_E_per_atom=    6.66 meV, RMSE_F=   25.91 meV / A
2026-07-21 14:32:29.962 INFO: Epoch 3: head: Default, loss=0.00659849, RMSE_E_per_atom=    8.61 meV, RMSE_F=   25.12 meV / A
2026-07-21 14:32:29.963 DEBUG: Deleting old checkpoint file: /home/sgarg/git-repo/pentacene-gb-active-learning/output/gb_al_round1/retrain_v1_seed523/checkpoints/gb_al_round1_run-523_epoch-1.pt
2026-07-21 14:32:29.984 DEBUG: Saving checkpoint: /home/sgarg/git-repo/pentacene-gb-active-learning/output/gb_al_round1/retrain_v1_seed523/checkpoints/gb_al_round1_run-523_epoch-3.pt
2026-07-21 14:32:53.761 INFO: Epoch 4: head: Default, loss=0.00767354, RMSE_E_per_atom=   13.61 meV, RMSE_F=   27.11 meV / A
2026-07-21 14:33:17.128 INFO: Epoch 5: head: Default, loss=0.00710030, RMSE_E_per_atom=   13.37 meV, RMSE_F=   25.96 meV / A
2026-07-21 14:33:40.649 INFO: Epoch 6: head: Default, loss=0.00768354, RMSE_E_per_atom=    7.85 meV, RMSE_F=   26.85 meV / A
2026-07-21 14:34:04.369 INFO: Epoch 7: head: Default, loss=0.00648845, RMSE_E_per_atom=    7.05 meV, RMSE_F=   24.91 meV / A
2026-07-21 14:34:04.370 DEBUG: Deleting old checkpoint file: /home/sgarg/git-repo/pentacene-gb-active-learning/output/gb_al_round1/retrain_v1_seed523/checkpoints/gb_al_round1_run-523_epoch-3.pt
2026-07-21 14:34:04.393 DEBUG: Saving checkpoint: /home/sgarg/git-repo/pentacene-gb-active-learning/output/gb_al_round1/retrain_v1_seed523/checkpoints/gb_al_round1_run-523_epoch-7.pt
2026-07-21 14:34:28.534 INFO: Epoch 8: head: Default, loss=0.00694627, RMSE_E_per_atom=   10.31 meV, RMSE_F=   25.77 meV / A
2026-07-21 14:34:52.342 INFO: Epoch 9: head: Default, loss=0.00696128, RMSE_E_per_atom=    9.28 meV, RMSE_F=   25.80 meV / A
2026-07-21 14:35:16.148 INFO: Epoch 10: head: Default, loss=0.00644458, RMSE_E_per_atom=    8.13 meV, RMSE_F=   24.85 meV / A
2026-07-21 14:35:16.149 DEBUG: Deleting old checkpoint file: /home/sgarg/git-repo/pentacene-gb-active-learning/output/gb_al_round1/retrain_v1_seed523/checkpoints/gb_al_round1_run-523_epoch-7.pt
2026-07-21 14:35:16.196 DEBUG: Saving checkpoint: /home/sgarg/git-repo/pentacene-gb-active-learning/output/gb_al_round1/retrain_v1_seed523/checkpoints/gb_al_round1_run-523_epoch-10.pt
2026-07-21 14:35:40.530 INFO: Epoch 11: head: Default, loss=0.00727021, RMSE_E_per_atom=    4.32 meV, RMSE_F=   26.30 meV / A
2026-07-21 14:36:04.251 INFO: Epoch 12: head: Default, loss=0.00613524, RMSE_E_per_atom=    9.18 meV, RMSE_F=   24.26 meV / A
2026-07-21 14:36:04.252 DEBUG: Deleting old checkpoint file: /home/sgarg/git-repo/pentacene-gb-active-learning/output/gb_al_round1/retrain_v1_seed523/checkpoints/gb_al_round1_run-523_epoch-10.pt
2026-07-21 14:36:04.268 DEBUG: Saving checkpoint: /home/sgarg/git-repo/pentacene-gb-active-learning/output/gb_al_round1/retrain_v1_seed523/checkpoints/gb_al_round1_run-523_epoch-12.pt
2026-07-21 14:36:28.528 INFO: Epoch 13: head: Default, loss=0.00650234, RMSE_E_per_atom=    2.93 meV, RMSE_F=   24.92 meV / A
2026-07-21 14:36:52.506 INFO: Epoch 14: head: Default, loss=0.00725330, RMSE_E_per_atom=    6.25 meV, RMSE_F=   26.31 meV / A
2026-07-21 14:37:16.042 INFO: Epoch 15: head: Default, loss=0.00778050, RMSE_E_per_atom=    6.00 meV, RMSE_F=   27.13 meV / A
2026-07-21 14:37:39.795 INFO: Epoch 16: head: Default, loss=0.00741226, RMSE_E_per_atom=    5.37 meV, RMSE_F=   26.46 meV / A
2026-07-21 14:38:03.589 INFO: Epoch 17: head: Default, loss=0.00604315, RMSE_E_per_atom=    6.68 meV, RMSE_F=   23.99 meV / A
2026-07-21 14:38:03.590 DEBUG: Deleting old checkpoint file: /home/sgarg/git-repo/pentacene-gb-active-learning/output/gb_al_round1/retrain_v1_seed523/checkpoints/gb_al_round1_run-523_epoch-12.pt
2026-07-21 14:38:03.618 DEBUG: Saving checkpoint: /home/sgarg/git-repo/pentacene-gb-active-learning/output/gb_al_round1/retrain_v1_seed523/checkpoints/gb_al_round1_run-523_epoch-17.pt
2026-07-21 14:38:27.528 INFO: Epoch 18: head: Default, loss=0.00721413, RMSE_E_per_atom=   10.62 meV, RMSE_F=   26.13 meV / A
2026-07-21 14:38:51.425 INFO: Epoch 19: head: Default, loss=0.00600697, RMSE_E_per_atom=    3.56 meV, RMSE_F=   24.06 meV / A
2026-07-21 14:38:51.426 DEBUG: Deleting old checkpoint file: /home/sgarg/git-repo/pentacene-gb-active-learning/output/gb_al_round1/retrain_v1_seed523/checkpoints/gb_al_round1_run-523_epoch-17.pt
2026-07-21 14:38:51.479 DEBUG: Saving checkpoint: /home/sgarg/git-repo/pentacene-gb-active-learning/output/gb_al_round1/retrain_v1_seed523/checkpoints/gb_al_round1_run-523_epoch-19.pt
2026-07-21 14:39:15.677 INFO: Epoch 20: head: Default, loss=0.00579488, RMSE_E_per_atom=    6.84 meV, RMSE_F=   23.55 meV / A
2026-07-21 14:39:15.678 DEBUG: Deleting old checkpoint file: /home/sgarg/git-repo/pentacene-gb-active-learning/output/gb_al_round1/retrain_v1_seed523/checkpoints/gb_al_round1_run-523_epoch-19.pt
2026-07-21 14:39:15.734 DEBUG: Saving checkpoint: /home/sgarg/git-repo/pentacene-gb-active-learning/output/gb_al_round1/retrain_v1_seed523/checkpoints/gb_al_round1_run-523_epoch-20.pt
2026-07-21 14:39:39.732 INFO: Epoch 21: head: Default, loss=0.00554102, RMSE_E_per_atom=    3.85 meV, RMSE_F=   23.01 meV / A
2026-07-21 14:39:39.733 DEBUG: Deleting old checkpoint file: /home/sgarg/git-repo/pentacene-gb-active-learning/output/gb_al_round1/retrain_v1_seed523/checkpoints/gb_al_round1_run-523_epoch-20.pt
2026-07-21 14:39:39.769 DEBUG: Saving checkpoint: /home/sgarg/git-repo/pentacene-gb-active-learning/output/gb_al_round1/retrain_v1_seed523/checkpoints/gb_al_round1_run-523_epoch-21.pt
2026-07-21 14:40:03.961 INFO: Epoch 22: head: Default, loss=0.00596692, RMSE_E_per_atom=    6.47 meV, RMSE_F=   23.94 meV / A
2026-07-21 14:40:27.602 INFO: Epoch 23: head: Default, loss=0.00619043, RMSE_E_per_atom=    6.17 meV, RMSE_F=   24.41 meV / A
2026-07-21 14:40:51.211 INFO: Epoch 24: head: Default, loss=0.00541323, RMSE_E_per_atom=    8.80 meV, RMSE_F=   22.76 meV / A
2026-07-21 14:40:51.212 DEBUG: Deleting old checkpoint file: /home/sgarg/git-repo/pentacene-gb-active-learning/output/gb_al_round1/retrain_v1_seed523/checkpoints/gb_al_round1_run-523_epoch-21.pt
2026-07-21 14:40:51.331 DEBUG: Saving checkpoint: /home/sgarg/git-repo/pentacene-gb-active-learning/output/gb_al_round1/retrain_v1_seed523/checkpoints/gb_al_round1_run-523_epoch-24.pt
2026-07-21 14:41:15.626 INFO: Epoch 25: head: Default, loss=0.00658436, RMSE_E_per_atom=   11.62 meV, RMSE_F=   24.95 meV / A
2026-07-21 14:41:39.227 INFO: Epoch 26: head: Default, loss=0.00560310, RMSE_E_per_atom=    5.02 meV, RMSE_F=   23.24 meV / A
2026-07-21 14:42:03.079 INFO: Epoch 27: head: Default, loss=0.00550075, RMSE_E_per_atom=    4.71 meV, RMSE_F=   22.97 meV / A
2026-07-21 14:42:26.785 INFO: Epoch 28: head: Default, loss=0.00635469, RMSE_E_per_atom=    5.80 meV, RMSE_F=   24.75 meV / A
2026-07-21 14:42:50.517 INFO: Epoch 29: head: Default, loss=0.00562245, RMSE_E_per_atom=    7.96 meV, RMSE_F=   23.18 meV / A
2026-07-21 14:43:14.144 INFO: Epoch 30: head: Default, loss=0.00775968, RMSE_E_per_atom=    8.22 meV, RMSE_F=   27.24 meV / A
2026-07-21 14:43:37.803 INFO: Epoch 31: head: Default, loss=0.00583319, RMSE_E_per_atom=    8.01 meV, RMSE_F=   23.57 meV / A
2026-07-21 14:44:01.468 INFO: Epoch 32: head: Default, loss=0.00634312, RMSE_E_per_atom=   10.53 meV, RMSE_F=   24.70 meV / A
2026-07-21 14:44:25.234 INFO: Epoch 33: head: Default, loss=0.00544408, RMSE_E_per_atom=    6.24 meV, RMSE_F=   22.89 meV / A
2026-07-21 14:44:48.974 INFO: Epoch 34: head: Default, loss=0.00618369, RMSE_E_per_atom=    5.08 meV, RMSE_F=   24.40 meV / A
2026-07-21 14:45:12.515 INFO: Epoch 35: head: Default, loss=0.00523369, RMSE_E_per_atom=    3.38 meV, RMSE_F=   22.37 meV / A
2026-07-21 14:45:12.516 DEBUG: Deleting old checkpoint file: /home/sgarg/git-repo/pentacene-gb-active-learning/output/gb_al_round1/retrain_v1_seed523/checkpoints/gb_al_round1_run-523_epoch-24.pt
2026-07-21 14:45:12.539 DEBUG: Saving checkpoint: /home/sgarg/git-repo/pentacene-gb-active-learning/output/gb_al_round1/retrain_v1_seed523/checkpoints/gb_al_round1_run-523_epoch-35.pt
2026-07-21 14:45:36.492 INFO: Epoch 36: head: Default, loss=0.00518379, RMSE_E_per_atom=    5.87 meV, RMSE_F=   22.33 meV / A
2026-07-21 14:45:36.493 DEBUG: Deleting old checkpoint file: /home/sgarg/git-repo/pentacene-gb-active-learning/output/gb_al_round1/retrain_v1_seed523/checkpoints/gb_al_round1_run-523_epoch-35.pt
2026-07-21 14:45:36.525 DEBUG: Saving checkpoint: /home/sgarg/git-repo/pentacene-gb-active-learning/output/gb_al_round1/retrain_v1_seed523/checkpoints/gb_al_round1_run-523_epoch-36.pt
2026-07-21 14:46:00.954 INFO: Epoch 37: head: Default, loss=0.00610332, RMSE_E_per_atom=    5.07 meV, RMSE_F=   24.08 meV / A
2026-07-21 14:46:24.861 INFO: Epoch 38: head: Default, loss=0.00502738, RMSE_E_per_atom=    3.85 meV, RMSE_F=   22.00 meV / A
2026-07-21 14:46:24.862 DEBUG: Deleting old checkpoint file: /home/sgarg/git-repo/pentacene-gb-active-learning/output/gb_al_round1/retrain_v1_seed523/checkpoints/gb_al_round1_run-523_epoch-36.pt
2026-07-21 14:46:24.905 DEBUG: Saving checkpoint: /home/sgarg/git-repo/pentacene-gb-active-learning/output/gb_al_round1/retrain_v1_seed523/checkpoints/gb_al_round1_run-523_epoch-38.pt
2026-07-21 14:46:49.483 INFO: Epoch 39: head: Default, loss=0.00534056, RMSE_E_per_atom=    8.80 meV, RMSE_F=   22.59 meV / A
2026-07-21 14:47:13.469 INFO: Epoch 40: head: Default, loss=0.00503774, RMSE_E_per_atom=    3.71 meV, RMSE_F=   21.94 meV / A
2026-07-21 14:47:37.340 INFO: Epoch 41: head: Default, loss=0.00496693, RMSE_E_per_atom=    5.82 meV, RMSE_F=   21.82 meV / A
2026-07-21 14:47:37.341 DEBUG: Deleting old checkpoint file: /home/sgarg/git-repo/pentacene-gb-active-learning/output/gb_al_round1/retrain_v1_seed523/checkpoints/gb_al_round1_run-523_epoch-38.pt
2026-07-21 14:47:37.367 DEBUG: Saving checkpoint: /home/sgarg/git-repo/pentacene-gb-active-learning/output/gb_al_round1/retrain_v1_seed523/checkpoints/gb_al_round1_run-523_epoch-41.pt
2026-07-21 14:48:01.587 INFO: Epoch 42: head: Default, loss=0.00539932, RMSE_E_per_atom=    4.39 meV, RMSE_F=   22.71 meV / A
2026-07-21 14:48:25.496 INFO: Epoch 43: head: Default, loss=0.00518194, RMSE_E_per_atom=    4.15 meV, RMSE_F=   22.31 meV / A
2026-07-21 14:48:49.288 INFO: Epoch 44: head: Default, loss=0.00557312, RMSE_E_per_atom=    2.67 meV, RMSE_F=   23.07 meV / A
2026-07-21 14:49:13.030 INFO: Epoch 45: head: Default, loss=0.00484183, RMSE_E_per_atom=    4.21 meV, RMSE_F=   21.50 meV / A
2026-07-21 14:49:13.031 DEBUG: Deleting old checkpoint file: /home/sgarg/git-repo/pentacene-gb-active-learning/output/gb_al_round1/retrain_v1_seed523/checkpoints/gb_al_round1_run-523_epoch-41.pt
2026-07-21 14:49:13.054 DEBUG: Saving checkpoint: /home/sgarg/git-repo/pentacene-gb-active-learning/output/gb_al_round1/retrain_v1_seed523/checkpoints/gb_al_round1_run-523_epoch-45.pt
2026-07-21 14:49:37.169 INFO: Epoch 46: head: Default, loss=0.00474616, RMSE_E_per_atom=    1.83 meV, RMSE_F=   21.36 meV / A
2026-07-21 14:49:37.170 DEBUG: Deleting old checkpoint file: /home/sgarg/git-repo/pentacene-gb-active-learning/output/gb_al_round1/retrain_v1_seed523/checkpoints/gb_al_round1_run-523_epoch-45.pt
2026-07-21 14:49:37.203 DEBUG: Saving checkpoint: /home/sgarg/git-repo/pentacene-gb-active-learning/output/gb_al_round1/retrain_v1_seed523/checkpoints/gb_al_round1_run-523_epoch-46.pt
2026-07-21 14:50:01.381 INFO: Epoch 47: head: Default, loss=0.00466930, RMSE_E_per_atom=    1.16 meV, RMSE_F=   21.19 meV / A
2026-07-21 14:50:01.382 DEBUG: Deleting old checkpoint file: /home/sgarg/git-repo/pentacene-gb-active-learning/output/gb_al_round1/retrain_v1_seed523/checkpoints/gb_al_round1_run-523_epoch-46.pt
2026-07-21 14:50:01.414 DEBUG: Saving checkpoint: /home/sgarg/git-repo/pentacene-gb-active-learning/output/gb_al_round1/retrain_v1_seed523/checkpoints/gb_al_round1_run-523_epoch-47.pt
2026-07-21 14:50:25.692 INFO: Epoch 48: head: Default, loss=0.00549734, RMSE_E_per_atom=    6.43 meV, RMSE_F=   22.93 meV / A
2026-07-21 14:50:49.358 INFO: Epoch 49: head: Default, loss=0.00480822, RMSE_E_per_atom=    3.50 meV, RMSE_F=   21.51 meV / A
2026-07-21 14:51:13.056 INFO: Epoch 50: head: Default, loss=0.00587789, RMSE_E_per_atom=    2.73 meV, RMSE_F=   23.58 meV / A
2026-07-21 14:51:36.823 INFO: Epoch 51: head: Default, loss=0.00485850, RMSE_E_per_atom=    1.30 meV, RMSE_F=   21.59 meV / A
2026-07-21 14:52:00.384 INFO: Epoch 52: head: Default, loss=0.00501949, RMSE_E_per_atom=    5.20 meV, RMSE_F=   21.88 meV / A
2026-07-21 14:52:24.250 INFO: Epoch 53: head: Default, loss=0.00511380, RMSE_E_per_atom=    6.46 meV, RMSE_F=   22.18 meV / A
2026-07-21 14:52:47.827 INFO: Epoch 54: head: Default, loss=0.00478810, RMSE_E_per_atom=    4.02 meV, RMSE_F=   21.41 meV / A
2026-07-21 14:53:11.571 INFO: Epoch 55: head: Default, loss=0.00502885, RMSE_E_per_atom=    6.04 meV, RMSE_F=   21.95 meV / A
2026-07-21 14:53:35.315 INFO: Epoch 56: head: Default, loss=0.00468331, RMSE_E_per_atom=    4.66 meV, RMSE_F=   21.16 meV / A
2026-07-21 14:53:59.128 INFO: Epoch 57: head: Default, loss=0.00476844, RMSE_E_per_atom=    4.54 meV, RMSE_F=   21.36 meV / A
2026-07-21 14:54:22.852 INFO: Epoch 58: head: Default, loss=0.00493876, RMSE_E_per_atom=    1.76 meV, RMSE_F=   21.68 meV / A
2026-07-21 14:54:46.424 INFO: Epoch 59: head: Default, loss=0.00487560, RMSE_E_per_atom=    1.53 meV, RMSE_F=   21.53 meV / A
2026-07-21 14:54:46.424 INFO: Training complete
2026-07-21 14:54:46.424 INFO: 
2026-07-21 14:54:46.424 INFO: ===========RESULTS===========
2026-07-21 14:54:46.427 INFO: Loading checkpoint: /home/sgarg/git-repo/pentacene-gb-active-learning/output/gb_al_round1/retrain_v1_seed523/checkpoints/gb_al_round1_run-523_epoch-47.pt
2026-07-21 14:54:46.473 INFO: Loaded Stage one model from epoch 47 for evaluation
2026-07-21 14:54:46.474 INFO: Saving model to /home/sgarg/git-repo/pentacene-gb-active-learning/output/gb_al_round1/retrain_v1_seed523/checkpoints/gb_al_round1_run-523.model
2026-07-21 14:54:47.402 INFO: Compiling model, saving metadata to /home/sgarg/git-repo/pentacene-gb-active-learning/output/gb_al_round1/retrain_v1_seed523/gb_al_round1_compiled.model
2026-07-21 14:54:48.931 INFO: Computing metrics for training, validation, and test sets
2026-07-21 14:54:48.932 INFO: Skipping evaluation for heads: ['pt_head']
2026-07-21 14:54:48.933 INFO: Evaluating train_Default ...
2026-07-21 14:54:59.359 INFO: Evaluating valid_Default ...
2026-07-21 14:55:00.583 INFO: Error-table on TRAIN and VALID:
+---------------+---------------------+------------------+-------------------+
|  config_type  | RMSE E / meV / atom | RMSE F / meV / A | relative F RMSE % |
+---------------+---------------------+------------------+-------------------+
| train_Default |        32249.6      |         18.7     |          1.86     |
| valid_Default |            1.2      |         21.2     |          1.41     |
+---------------+---------------------+------------------+-------------------+
2026-07-21 14:55:00.584 DEBUG: Running inference on train_Default dataset
2026-07-21 14:55:11.095 DEBUG: Running inference on valid_Default dataset
2026-07-21 14:55:14.393 INFO: Done
