2026-07-13 10:54:36.255 INFO: ===========VERIFYING SETTINGS===========
2026-07-13 10:54:36.256 INFO: MACE version: 0.3.16
2026-07-13 10:54:36.256 DEBUG: Configuration: Namespace(config=None, name='pentacene_scratch_v1', seed=42, work_dir='.', log_dir='/home/sgarg/git-repo/pentacene-gb-active-learning/output/models/scratch_v1_epoch1/logs', model_dir='/home/sgarg/git-repo/pentacene-gb-active-learning/output/models/scratch_v1_epoch1', checkpoints_dir='/home/sgarg/git-repo/pentacene-gb-active-learning/output/models/scratch_v1_epoch1/checkpoints', results_dir='./results', downloads_dir='./downloads', device='cpu', default_dtype='float64', distributed=False, launcher='slurm', log_level='INFO', plot=True, plot_frequency=0, plot_interaction_e=False, error_table='PerAtomRMSE', model='MACE', r_max=5.0, radial_type='bessel', num_radial_basis=8, num_cutoff_basis=5, pair_repulsion=False, distance_transform='None', apply_cutoff=True, use_last_readout_only=False, use_embedding_readout=False, interaction='RealAgnosticResidualInteractionBlock', interaction_first='RealAgnosticResidualInteractionBlock', max_ell=3, correlation=3, use_reduced_cg=False, use_so3=False, use_agnostic_product=False, num_interactions=2, MLP_irreps='16x0e', radial_MLP='[64, 64, 64]', hidden_irreps=32x0e+32x1o, edge_irreps=None, use_edge_irreps_first=False, num_channels=32, max_L=1, gate='silu', kspace_cutoff_factor=1.5, atomic_multipoles_max_l=0, atomic_multipoles_smearing_width=1.0, field_feature_max_l=0, field_feature_widths='[1.0]', field_feature_norms=None, num_recursion_steps=1, field_si=False, include_electrostatic_self_interaction=False, add_local_electron_energy=False, quadrupole_feature_corrections=False, return_electrostatic_potentials=False, field_norm_factor=0.02, fixedpoint_update_config=None, field_readout_config=None, scaling='rms_forces_scaling', avg_num_neighbors=1, compute_avg_num_neighbors=True, compute_stress=False, compute_forces=True, compute_polarizability=False, compute_atomic_dipole=False, train_file='/home/sgarg/git-repo/pentacene-gb-active-learning/data/labeled_data/train.xyz', valid_file='/home/sgarg/git-repo/pentacene-gb-active-learning/data/labeled_data/valid.xyz', valid_fraction=0.1, test_file=None, test_dir=None, multi_processed_test=False, num_workers=0, pin_memory=True, atomic_numbers=None, mean=None, std=None, statistics_file=None, les_arguments=None, E0s='{1: -10.707211, 6: -48.847445}', pseudolabel_replay=False, pseudolabel_replay_compute_stress=False, foundation_filter_elements=True, heads=None, multiheads_finetuning=True, foundation_head=None, weight_pt_head=1.0, real_pt_data_ratio_threshold=0.1, num_samples_pt=10000, force_mh_ft_lr=False, subselect_pt='random', filter_type_pt='none', allow_random_padding_pt=True, pt_train_file=None, pt_valid_file=None, foundation_model_elements=False, keep_isolated_atoms=False, lora=False, lora_rank=4, lora_alpha=1.0, energy_key='REF_energy', forces_key='REF_forces', virials_key='REF_virials', stress_key='REF_stress', dipole_key='dipole', polarizability_key='polarizability', head_key='head', charges_key='REF_charges', elec_temp_key='elec_temp', total_spin_key='total_spin', total_charge_key='total_charge', embedding_specs=None, skip_evaluate_heads='pt_head', loss='weighted', forces_weight=100.0, swa_forces_weight=100.0, energy_weight=1.0, swa_energy_weight=1000.0, virials_weight=1.0, swa_virials_weight=10.0, stress_weight=1.0, swa_stress_weight=10.0, dipole_weight=1.0, swa_dipole_weight=1.0, swa_polarizability_weight=1.0, polarizability_weight=1.0, config_type_weights='{"Default":1.0}', huber_delta=0.01, optimizer='adam', beta=0.9, beta1_schedulefree=0.9, beta2_schedulefree=0.98, batch_size=8, valid_batch_size=10, lr=0.01, swa_lr=0.001, weight_decay=5e-07, lr_params_factors='{"embedding_lr_factor": 1.0, "interactions_lr_factor": 1.0, "products_lr_factor": 1.0, "readouts_lr_factor": 1.0}', freeze=None, amsgrad=True, scheduler='ReduceLROnPlateau', lr_factor=0.8, scheduler_patience=50, lr_scheduler_gamma=0.9993, swa=False, start_swa=None, lbfgs=False, ema=False, ema_decay=0.99, max_num_epochs=1, patience=2048, foundation_model=None, foundation_model_kwargs='{}', foundation_model_readout=True, eval_interval=1, keep_checkpoints=False, save_all_checkpoints=False, restart_latest=False, save_cpu=False, clip_grad=10.0, dry_run=False, enable_cueq=False, only_cueq=False, enable_oeq=False, wandb=False, wandb_dir=None, wandb_project='', wandb_entity='', wandb_name='', wandb_log_hypers=['num_channels', 'max_L', 'correlation', 'lr', 'swa_lr', 'weight_decay', 'batch_size', 'max_num_epochs', 'start_swa', 'energy_weight', 'forces_weight'], key_specification=KeySpecification(info_keys={'energy': 'REF_energy', 'stress': 'REF_stress', 'virials': 'REF_virials', 'dipole': 'dipole', 'head': 'head', 'elec_temp': 'elec_temp', 'total_charge': 'total_charge', 'polarizability': 'polarizability', 'total_spin': 'total_spin'}, arrays_keys={'forces': 'REF_forces', 'charges': 'REF_charges'}))
2026-07-13 10:54:36.256 INFO: Using CPU
2026-07-13 10:54:36.457 DEBUG: Popen(['git', 'version'], cwd=/srv/nfs/home/sgarg/git-repo/pentacene-gb-active-learning/scripts, stdin=None, shell=False, universal_newlines=False)
2026-07-13 10:54:36.459 DEBUG: Popen(['git', 'version'], cwd=/srv/nfs/home/sgarg/git-repo/pentacene-gb-active-learning/scripts, stdin=None, shell=False, universal_newlines=False)
2026-07-13 10:54:36.461 DEBUG: sys.platform='linux', git_executable='git'
2026-07-13 10:54:36.462 DEBUG: Popen(['git', 'cat-file', '--batch-check'], cwd=/srv/nfs/home/sgarg/git-repo/pentacene-gb-active-learning, stdin=<valid stream>, shell=False, universal_newlines=False)
2026-07-13 10:54:36.465 DEBUG: Current Git commit: 7f428e80de98fde4f79eacab18450762cf14c738
2026-07-13 10:54:36.465 INFO: ===========LOADING INPUT DATA===========
2026-07-13 10:54:36.465 INFO: Using heads: ['Default']
2026-07-13 10:54:36.465 INFO: Using the key specifications to parse data:
2026-07-13 10:54:36.465 INFO: Default: KeySpecification(info_keys={'energy': 'REF_energy', 'stress': 'REF_stress', 'virials': 'REF_virials', 'dipole': 'dipole', 'head': 'head', 'elec_temp': 'elec_temp', 'total_charge': 'total_charge', 'polarizability': 'polarizability', 'total_spin': 'total_spin'}, arrays_keys={'forces': 'REF_forces', 'charges': 'REF_charges'})
2026-07-13 10:54:36.465 INFO: =============    Processing head Default     ===========
2026-07-13 10:54:36.466 DEBUG: Loading training file: /home/sgarg/git-repo/pentacene-gb-active-learning/data/labeled_data/train.xyz
2026-07-13 10:54:36.723 INFO: Training set 1/1 [energy: 259, stress: 0, virials: 0, dipole components: 0, head: 259, elec_temp: 0, total_charge: 0, polarizability: 0, total_spin: 0, forces: 259, charges: 0]
2026-07-13 10:54:36.727 INFO: Total Training set [energy: 259, stress: 0, virials: 0, dipole components: 0, head: 259, elec_temp: 0, total_charge: 0, polarizability: 0, total_spin: 0, forces: 259, charges: 0]
2026-07-13 10:54:36.787 INFO: Validation set 1/1 [energy: 45, stress: 0, virials: 0, dipole components: 0, head: 45, elec_temp: 0, total_charge: 0, polarizability: 0, total_spin: 0, forces: 45, charges: 0]
2026-07-13 10:54:36.788 INFO: Total Validation set [energy: 45, stress: 0, virials: 0, dipole components: 0, head: 45, elec_temp: 0, total_charge: 0, polarizability: 0, total_spin: 0, forces: 45, charges: 0]
2026-07-13 10:54:36.788 INFO: Total number of configurations: train=259, valid=45, tests=[],
2026-07-13 10:54:36.794 INFO: Atomic Numbers used: [np.int64(1), np.int64(6)]
2026-07-13 10:54:36.794 INFO: Isolated Atomic Energies (E0s) not in training file, using command line argument
2026-07-13 10:54:36.795 INFO: Atomic Energies used (z: eV) for head Default: {1: -10.707211, 6: -48.847445}
2026-07-13 10:54:36.795 INFO: Processing datasets for head 'Default'
2026-07-13 10:54:37.362 DEBUG: Successfully loaded dataset from ASE files: ['/home/sgarg/git-repo/pentacene-gb-active-learning/data/labeled_data/train.xyz']
2026-07-13 10:54:37.363 INFO: Combining 1 list datasets for head 'Default'
2026-07-13 10:54:37.463 DEBUG: Successfully loaded validation dataset from ASE files: ['/home/sgarg/git-repo/pentacene-gb-active-learning/data/labeled_data/valid.xyz']
2026-07-13 10:54:37.463 INFO: Combining 1 list datasets for head 'Default_valid'
2026-07-13 10:54:37.463 INFO: Combined validation datasets for Default
2026-07-13 10:54:37.464 INFO: Head 'Default' training dataset size: 259
2026-07-13 10:54:37.464 INFO: Computing average number of neighbors
2026-07-13 10:54:37.807 INFO: Average number of neighbors: 22.684244791666668
2026-07-13 10:54:37.807 INFO: During training the following quantities will be reported: energy, forces
2026-07-13 10:54:37.807 INFO: ===========MODEL DETAILS===========
2026-07-13 10:54:38.048 INFO: Building model
2026-07-13 10:54:38.048 INFO: Message passing with 32 channels and max_L=1 (32x0e+32x1o)
2026-07-13 10:54:38.049 INFO: 2 layers, each with correlation order: 3 (body order: 4) and spherical harmonics up to: l=3
2026-07-13 10:54:38.049 INFO: 8 radial and 5 basis functions
2026-07-13 10:54:38.049 INFO: Radial cutoff: 5.0 A (total receptive field for each atom: 10.0 A)
2026-07-13 10:54:38.049 INFO: Distance transform for radial basis functions: None
2026-07-13 10:54:38.049 INFO: Hidden irreps: 32x0e+32x1o
2026-07-13 10:54:40.592 INFO: ===========OPTIMIZER INFORMATION===========
2026-07-13 10:54:40.592 INFO: Using ADAM as parameter optimizer
2026-07-13 10:54:40.593 INFO: Batch size: 8
2026-07-13 10:54:40.593 INFO: Number of gradient updates: 32
2026-07-13 10:54:40.593 INFO: Learning rate: 0.01, weight decay: 5e-07
2026-07-13 10:54:40.593 INFO: WeightedEnergyForcesLoss(energy_weight=1.000, forces_weight=100.000)
2026-07-13 10:54:40.594 INFO: === Layer's learning rates ===
2026-07-13 10:54:40.595 INFO: Param group 0: lr = 0.01
2026-07-13 10:54:40.595 INFO: Param group 1: lr = 0.01
2026-07-13 10:54:40.595 INFO: Param group 2: lr = 0.01
2026-07-13 10:54:40.595 INFO: Param group 3: lr = 0.01
2026-07-13 10:54:40.595 INFO: Param group 4: lr = 0.01
2026-07-13 10:54:40.596 INFO: Using gradient clipping with tolerance=10.000
2026-07-13 10:54:40.596 INFO: 
2026-07-13 10:54:40.596 INFO: ===========TRAINING===========
2026-07-13 10:54:40.596 INFO: Started training, reporting errors on validation set
2026-07-13 10:54:40.596 INFO: Loss metrics on validation set
2026-07-13 10:54:48.277 INFO: Initial: head: Default, loss=28.95568031, RMSE_E_per_atom= 6934.81 meV, RMSE_F= 1499.54 meV / A
2026-07-13 10:56:35.828 INFO: Epoch 0: head: Default, loss=5.66878227, RMSE_E_per_atom= 4385.63 meV, RMSE_F=  573.70 meV / A
2026-07-13 10:56:35.830 DEBUG: Saving checkpoint: /home/sgarg/git-repo/pentacene-gb-active-learning/output/models/scratch_v1_epoch1/checkpoints/pentacene_scratch_v1_run-42_epoch-0.pt
2026-07-13 10:56:35.858 INFO: Training complete
2026-07-13 10:56:35.858 INFO: 
2026-07-13 10:56:35.859 INFO: ===========RESULTS===========
2026-07-13 10:56:35.859 INFO: Loading checkpoint: /home/sgarg/git-repo/pentacene-gb-active-learning/output/models/scratch_v1_epoch1/checkpoints/pentacene_scratch_v1_run-42_epoch-0.pt
2026-07-13 10:56:35.904 INFO: Loaded Stage one model from epoch 0 for evaluation
2026-07-13 10:56:35.904 INFO: Saving model to /home/sgarg/git-repo/pentacene-gb-active-learning/output/models/scratch_v1_epoch1/checkpoints/pentacene_scratch_v1_run-42.model
2026-07-13 10:56:36.187 INFO: Compiling model, saving metadata to /home/sgarg/git-repo/pentacene-gb-active-learning/output/models/scratch_v1_epoch1/pentacene_scratch_v1_compiled.model
2026-07-13 10:56:37.964 INFO: Computing metrics for training, validation, and test sets
2026-07-13 10:56:37.965 INFO: Skipping evaluation for heads: ['pt_head']
2026-07-13 10:56:37.965 INFO: Evaluating train_Default ...
2026-07-13 10:57:10.268 INFO: Evaluating valid_Default ...
2026-07-13 10:57:16.585 INFO: Error-table on TRAIN and VALID:
+---------------+---------------------+------------------+-------------------+
|  config_type  | RMSE E / meV / atom | RMSE F / meV / A | relative F RMSE % |
+---------------+---------------------+------------------+-------------------+
| train_Default |         4382.0      |        580.9     |         35.92     |
| valid_Default |         4385.6      |        573.7     |         38.09     |
+---------------+---------------------+------------------+-------------------+
2026-07-13 10:57:16.586 DEBUG: Running inference on train_Default dataset
2026-07-13 10:57:49.488 DEBUG: Running inference on valid_Default dataset
2026-07-13 10:58:13.317 INFO: Done
