2026-07-23 18:05:38.613 INFO: ===========VERIFYING SETTINGS===========
2026-07-23 18:05:38.613 INFO: MACE version: 0.3.16
2026-07-23 18:05:38.726 INFO: CUDA version: 11.8, CUDA device: 0
2026-07-23 18:05:39.864 INFO: Using foundation model /home/sgarg/git-repo/pentacene-gb-active-learning/output/models/finetune_v1_seed99/pentacene_finetune_v1.model as initial checkpoint.
2026-07-23 18:05:39.866 INFO: ===========LOADING INPUT DATA===========
2026-07-23 18:05:39.866 INFO: Using heads: ['Default']
2026-07-23 18:05:39.866 INFO: Using the key specifications to parse data:
2026-07-23 18:05:39.866 INFO: Default: KeySpecification(info_keys={'energy': 'REF_energy', 'stress': 'REF_stress', 'virials': 'REF_virials', 'dipole': 'dipole', 'head': 'head', 'elec_temp': 'elec_temp', 'total_charge': 'total_charge', 'polarizability': 'polarizability', 'total_spin': 'total_spin'}, arrays_keys={'forces': 'REF_forces', 'charges': 'REF_charges'})
2026-07-23 18:05:39.866 INFO: =============    Processing head Default     ===========
2026-07-23 18:05:40.244 INFO: Training set 1/1 [energy: 561, stress: 0, virials: 0, dipole components: 0, head: 561, elec_temp: 0, total_charge: 0, polarizability: 0, total_spin: 0, forces: 561, charges: 0]
2026-07-23 18:05:40.248 INFO: Total Training set [energy: 561, stress: 0, virials: 0, dipole components: 0, head: 561, elec_temp: 0, total_charge: 0, polarizability: 0, total_spin: 0, forces: 561, charges: 0]
2026-07-23 18:05:40.292 INFO: Validation set 1/1 [energy: 45, stress: 0, virials: 0, dipole components: 0, head: 45, elec_temp: 0, total_charge: 0, polarizability: 0, total_spin: 0, forces: 45, charges: 0]
2026-07-23 18:05:40.292 INFO: Total Validation set [energy: 45, stress: 0, virials: 0, dipole components: 0, head: 45, elec_temp: 0, total_charge: 0, polarizability: 0, total_spin: 0, forces: 45, charges: 0]
2026-07-23 18:05:40.293 INFO: Total number of configurations: train=561, valid=45, tests=[],
2026-07-23 18:05:40.300 INFO: Atomic Numbers used: [np.int64(1), np.int64(6)]
2026-07-23 18:05:40.300 INFO: Isolated Atomic Energies (E0s) not in training file, using command line argument
2026-07-23 18:05:40.301 INFO: Computing average Atomic Energies using least squares regression
2026-07-23 18:05:40.327 INFO: Atomic Energies used (z: eV) for head Default: {1: -30.361554830045048, 6: -47.711014732927914}
2026-07-23 18:05:40.327 INFO: Processing datasets for head 'Default'
2026-07-23 18:07:22.295 INFO: Combining 1 list datasets for head 'Default'
2026-07-23 18:07:22.379 INFO: Combining 1 list datasets for head 'Default_valid'
2026-07-23 18:07:22.379 INFO: Combined validation datasets for Default
2026-07-23 18:07:22.379 INFO: Head 'Default' training dataset size: 561
2026-07-23 18:07:22.380 INFO: Computing average number of neighbors
2026-07-23 18:07:22.947 INFO: Average number of neighbors: 22.760961532592773
2026-07-23 18:07:22.947 INFO: During training the following quantities will be reported: energy, forces
2026-07-23 18:07:22.947 INFO: ===========MODEL DETAILS===========
2026-07-23 18:07:23.503 INFO: Loading FOUNDATION model
2026-07-23 18:07:23.519 INFO: Using filtered elements: [np.int64(1), np.int64(6)]
2026-07-23 18:07:23.519 INFO: Model configuration extracted from foundation model
2026-07-23 18:07:23.519 INFO: Using weighted loss function for fine-tuning
2026-07-23 18:07:23.519 INFO: Message passing with hidden irreps 128x0e+128x1o)
2026-07-23 18:07:23.519 INFO: 2 layers, each with correlation order: 3 (body order: 4) and spherical harmonics up to: l=3
2026-07-23 18:07:23.519 INFO: Radial cutoff: 5.0 A (total receptive field for each atom: 10.0 A)
2026-07-23 18:07:23.519 INFO: Distance transform for radial basis functions: None
2026-07-23 18:07:25.706 INFO: ===========OPTIMIZER INFORMATION===========
2026-07-23 18:07:25.707 INFO: Using ADAM as parameter optimizer
2026-07-23 18:07:25.707 INFO: Batch size: 8
2026-07-23 18:07:25.707 INFO: Number of gradient updates: 4207
2026-07-23 18:07:25.707 INFO: Learning rate: 0.0002, weight decay: 5e-07
2026-07-23 18:07:25.707 INFO: WeightedEnergyForcesLoss(energy_weight=1.000, forces_weight=100.000)
2026-07-23 18:07:25.708 INFO: === Layer's learning rates ===
2026-07-23 18:07:25.708 INFO: Param group 0: lr = 0.0002
2026-07-23 18:07:25.708 INFO: Param group 1: lr = 0.0002
2026-07-23 18:07:25.708 INFO: Param group 2: lr = 0.0002
2026-07-23 18:07:25.708 INFO: Param group 3: lr = 0.0002
2026-07-23 18:07:25.708 INFO: Param group 4: lr = 0.0002
2026-07-23 18:07:25.708 INFO: Using gradient clipping with tolerance=10.000
2026-07-23 18:07:25.708 INFO: 
2026-07-23 18:07:25.708 INFO: ===========TRAINING===========
2026-07-23 18:07:25.708 INFO: Started training, reporting errors on validation set
2026-07-23 18:07:25.709 INFO: Loss metrics on validation set
2026-07-23 18:07:36.723 INFO: Initial: head: Default, loss=0.00667084, RMSE_E_per_atom=    7.02 meV, RMSE_F=   25.29 meV / A
2026-07-23 18:08:16.178 INFO: Epoch 0: head: Default, loss=0.00720810, RMSE_E_per_atom=   12.06 meV, RMSE_F=   26.19 meV / A
2026-07-23 18:08:40.759 INFO: Epoch 1: head: Default, loss=0.00730485, RMSE_E_per_atom=   14.37 meV, RMSE_F=   26.28 meV / A
2026-07-23 18:09:05.005 INFO: Epoch 2: head: Default, loss=0.00722241, RMSE_E_per_atom=   10.94 meV, RMSE_F=   26.31 meV / A
2026-07-23 18:09:28.977 INFO: Epoch 3: head: Default, loss=0.00701157, RMSE_E_per_atom=    8.50 meV, RMSE_F=   25.85 meV / A
2026-07-23 18:09:53.524 INFO: Epoch 4: head: Default, loss=0.00679631, RMSE_E_per_atom=    8.70 meV, RMSE_F=   25.51 meV / A
2026-07-23 18:10:18.010 INFO: Epoch 5: head: Default, loss=0.00746291, RMSE_E_per_atom=    9.83 meV, RMSE_F=   26.75 meV / A
2026-07-23 18:10:41.964 INFO: Epoch 6: head: Default, loss=0.00653475, RMSE_E_per_atom=    5.39 meV, RMSE_F=   25.00 meV / A
2026-07-23 18:11:06.495 INFO: Epoch 7: head: Default, loss=0.00649998, RMSE_E_per_atom=    5.86 meV, RMSE_F=   24.91 meV / A
2026-07-23 18:11:30.860 INFO: Epoch 8: head: Default, loss=0.00654001, RMSE_E_per_atom=    5.51 meV, RMSE_F=   25.08 meV / A
2026-07-23 18:11:54.830 INFO: Epoch 9: head: Default, loss=0.00650768, RMSE_E_per_atom=    2.14 meV, RMSE_F=   24.89 meV / A
2026-07-23 18:12:18.913 INFO: Epoch 10: head: Default, loss=0.00607279, RMSE_E_per_atom=    2.78 meV, RMSE_F=   24.14 meV / A
2026-07-23 18:12:43.222 INFO: Epoch 11: head: Default, loss=0.00606620, RMSE_E_per_atom=    6.13 meV, RMSE_F=   24.11 meV / A
2026-07-23 18:13:07.882 INFO: Epoch 12: head: Default, loss=0.00602873, RMSE_E_per_atom=    3.89 meV, RMSE_F=   24.00 meV / A
2026-07-23 18:13:32.197 INFO: Epoch 13: head: Default, loss=0.00598008, RMSE_E_per_atom=    4.84 meV, RMSE_F=   23.99 meV / A
2026-07-23 18:13:56.624 INFO: Epoch 14: head: Default, loss=0.00642215, RMSE_E_per_atom=    5.17 meV, RMSE_F=   24.73 meV / A
2026-07-23 18:14:20.575 INFO: Epoch 15: head: Default, loss=0.00607690, RMSE_E_per_atom=    5.39 meV, RMSE_F=   24.08 meV / A
2026-07-23 18:14:44.580 INFO: Epoch 16: head: Default, loss=0.00626192, RMSE_E_per_atom=    5.07 meV, RMSE_F=   24.58 meV / A
2026-07-23 18:15:08.406 INFO: Epoch 17: head: Default, loss=0.00593545, RMSE_E_per_atom=    6.09 meV, RMSE_F=   23.81 meV / A
2026-07-23 18:15:33.062 INFO: Epoch 18: head: Default, loss=0.00588011, RMSE_E_per_atom=    4.51 meV, RMSE_F=   23.78 meV / A
2026-07-23 18:15:57.413 INFO: Epoch 19: head: Default, loss=0.00568652, RMSE_E_per_atom=    5.27 meV, RMSE_F=   23.29 meV / A
2026-07-23 18:16:21.818 INFO: Epoch 20: head: Default, loss=0.00555298, RMSE_E_per_atom=    2.05 meV, RMSE_F=   23.08 meV / A
2026-07-23 18:16:46.304 INFO: Epoch 21: head: Default, loss=0.00553594, RMSE_E_per_atom=    3.56 meV, RMSE_F=   23.03 meV / A
2026-07-23 18:17:10.692 INFO: Epoch 22: head: Default, loss=0.00574213, RMSE_E_per_atom=    8.14 meV, RMSE_F=   23.53 meV / A
2026-07-23 18:17:34.609 INFO: Epoch 23: head: Default, loss=0.00557772, RMSE_E_per_atom=    4.71 meV, RMSE_F=   23.09 meV / A
2026-07-23 18:17:58.529 INFO: Epoch 24: head: Default, loss=0.00521498, RMSE_E_per_atom=    3.08 meV, RMSE_F=   22.39 meV / A
2026-07-23 18:18:22.872 INFO: Epoch 25: head: Default, loss=0.00527809, RMSE_E_per_atom=    3.68 meV, RMSE_F=   22.54 meV / A
2026-07-23 18:18:46.812 INFO: Epoch 26: head: Default, loss=0.00519840, RMSE_E_per_atom=    4.74 meV, RMSE_F=   22.34 meV / A
2026-07-23 18:19:11.397 INFO: Epoch 27: head: Default, loss=0.00585135, RMSE_E_per_atom=    4.83 meV, RMSE_F=   23.75 meV / A
2026-07-23 18:19:35.516 INFO: Epoch 28: head: Default, loss=0.00508853, RMSE_E_per_atom=    4.62 meV, RMSE_F=   22.15 meV / A
2026-07-23 18:20:00.100 INFO: Epoch 29: head: Default, loss=0.00540439, RMSE_E_per_atom=    3.02 meV, RMSE_F=   22.79 meV / A
2026-07-23 18:20:24.097 INFO: Epoch 30: head: Default, loss=0.00530480, RMSE_E_per_atom=    5.04 meV, RMSE_F=   22.60 meV / A
2026-07-23 18:20:48.037 INFO: Epoch 31: head: Default, loss=0.00511988, RMSE_E_per_atom=    3.08 meV, RMSE_F=   22.14 meV / A
2026-07-23 18:21:12.005 INFO: Epoch 32: head: Default, loss=0.00510223, RMSE_E_per_atom=    4.05 meV, RMSE_F=   22.18 meV / A
2026-07-23 18:21:35.938 INFO: Epoch 33: head: Default, loss=0.00487146, RMSE_E_per_atom=    0.93 meV, RMSE_F=   21.64 meV / A
2026-07-23 18:22:00.546 INFO: Epoch 34: head: Default, loss=0.00525169, RMSE_E_per_atom=    4.42 meV, RMSE_F=   22.44 meV / A
2026-07-23 18:22:24.644 INFO: Epoch 35: head: Default, loss=0.00523926, RMSE_E_per_atom=    2.80 meV, RMSE_F=   22.30 meV / A
2026-07-23 18:22:48.637 INFO: Epoch 36: head: Default, loss=0.00520689, RMSE_E_per_atom=    3.39 meV, RMSE_F=   22.46 meV / A
2026-07-23 18:23:12.575 INFO: Epoch 37: head: Default, loss=0.00477697, RMSE_E_per_atom=    2.12 meV, RMSE_F=   21.41 meV / A
2026-07-23 18:23:36.893 INFO: Epoch 38: head: Default, loss=0.00479767, RMSE_E_per_atom=    3.30 meV, RMSE_F=   21.50 meV / A
2026-07-23 18:24:00.868 INFO: Epoch 39: head: Default, loss=0.00489957, RMSE_E_per_atom=    2.31 meV, RMSE_F=   21.65 meV / A
2026-07-23 18:24:24.919 INFO: Epoch 40: head: Default, loss=0.00465023, RMSE_E_per_atom=    1.54 meV, RMSE_F=   21.17 meV / A
2026-07-23 18:24:49.581 INFO: Epoch 41: head: Default, loss=0.00484552, RMSE_E_per_atom=    4.32 meV, RMSE_F=   21.56 meV / A
2026-07-23 18:25:13.633 INFO: Epoch 42: head: Default, loss=0.00477459, RMSE_E_per_atom=    6.75 meV, RMSE_F=   21.44 meV / A
2026-07-23 18:25:37.625 INFO: Epoch 43: head: Default, loss=0.00458842, RMSE_E_per_atom=    1.86 meV, RMSE_F=   20.95 meV / A
2026-07-23 18:26:02.160 INFO: Epoch 44: head: Default, loss=0.00482819, RMSE_E_per_atom=    6.22 meV, RMSE_F=   21.59 meV / A
2026-07-23 18:26:26.112 INFO: Epoch 45: head: Default, loss=0.00460567, RMSE_E_per_atom=    1.08 meV, RMSE_F=   21.02 meV / A
2026-07-23 18:26:50.020 INFO: Epoch 46: head: Default, loss=0.00458270, RMSE_E_per_atom=    2.09 meV, RMSE_F=   20.98 meV / A
2026-07-23 18:27:14.533 INFO: Epoch 47: head: Default, loss=0.00465030, RMSE_E_per_atom=    5.80 meV, RMSE_F=   21.20 meV / A
2026-07-23 18:27:38.528 INFO: Epoch 48: head: Default, loss=0.00431488, RMSE_E_per_atom=    4.06 meV, RMSE_F=   20.41 meV / A
2026-07-23 18:28:02.981 INFO: Epoch 49: head: Default, loss=0.00461122, RMSE_E_per_atom=    3.70 meV, RMSE_F=   21.13 meV / A
2026-07-23 18:28:26.916 INFO: Epoch 50: head: Default, loss=0.00478374, RMSE_E_per_atom=    4.56 meV, RMSE_F=   21.45 meV / A
2026-07-23 18:28:50.873 INFO: Epoch 51: head: Default, loss=0.00465528, RMSE_E_per_atom=    1.48 meV, RMSE_F=   21.10 meV / A
2026-07-23 18:29:14.663 INFO: Epoch 52: head: Default, loss=0.00429171, RMSE_E_per_atom=    1.15 meV, RMSE_F=   20.31 meV / A
2026-07-23 18:29:38.979 INFO: Epoch 53: head: Default, loss=0.00427025, RMSE_E_per_atom=    2.34 meV, RMSE_F=   20.21 meV / A
2026-07-23 18:30:03.614 INFO: Epoch 54: head: Default, loss=0.00446875, RMSE_E_per_atom=    5.52 meV, RMSE_F=   20.80 meV / A
2026-07-23 18:30:27.521 INFO: Epoch 55: head: Default, loss=0.00430062, RMSE_E_per_atom=    1.23 meV, RMSE_F=   20.33 meV / A
2026-07-23 18:30:51.507 INFO: Epoch 56: head: Default, loss=0.00439669, RMSE_E_per_atom=    4.29 meV, RMSE_F=   20.50 meV / A
2026-07-23 18:31:15.471 INFO: Epoch 57: head: Default, loss=0.00427531, RMSE_E_per_atom=    2.92 meV, RMSE_F=   20.32 meV / A
2026-07-23 18:31:39.585 INFO: Epoch 58: head: Default, loss=0.00456595, RMSE_E_per_atom=    2.72 meV, RMSE_F=   20.99 meV / A
2026-07-23 18:32:03.667 INFO: Epoch 59: head: Default, loss=0.00436840, RMSE_E_per_atom=    4.47 meV, RMSE_F=   20.54 meV / A
2026-07-23 18:32:03.668 INFO: Training complete
2026-07-23 18:32:03.668 INFO: 
2026-07-23 18:32:03.668 INFO: ===========RESULTS===========
2026-07-23 18:32:03.671 INFO: Loading checkpoint: /home/sgarg/git-repo/pentacene-gb-active-learning/output/gb_al_round1/retrain_v1_seed299/checkpoints/gb_al_round1_run-299_epoch-53.pt
2026-07-23 18:32:03.720 INFO: Loaded Stage one model from epoch 53 for evaluation
2026-07-23 18:32:03.720 INFO: Saving model to /home/sgarg/git-repo/pentacene-gb-active-learning/output/gb_al_round1/retrain_v1_seed299/checkpoints/gb_al_round1_run-299.model
2026-07-23 18:32:04.537 INFO: Compiling model, saving metadata to /home/sgarg/git-repo/pentacene-gb-active-learning/output/gb_al_round1/retrain_v1_seed299/gb_al_round1_compiled.model
2026-07-23 18:32:06.081 INFO: Computing metrics for training, validation, and test sets
2026-07-23 18:32:06.083 INFO: Skipping evaluation for heads: ['pt_head']
2026-07-23 18:32:06.084 INFO: Evaluating train_Default ...
2026-07-23 18:32:16.876 INFO: Evaluating valid_Default ...
2026-07-23 18:32:17.794 INFO: Error-table on TRAIN and VALID:
+---------------+---------------------+------------------+-------------------+
|  config_type  | RMSE E / meV / atom | RMSE F / meV / A | relative F RMSE % |
+---------------+---------------------+------------------+-------------------+
| train_Default |            1.9      |         22.6     |          1.77     |
| valid_Default |            2.3      |         20.2     |          1.34     |
+---------------+---------------------+------------------+-------------------+
2026-07-23 18:32:33.074 INFO: Done
